2015-06-16 14:23:56,767 [Worker-7] INFO  o.e.m.c.i.p.ProjectConfigurationManager - Collecting project info '/pom.xml' /Users/njvijay/big_data/storm_program/learning/storm-example/pom.xml
2015-06-16 14:24:02,634 [Worker-7] INFO  o.e.m.c.i.l.LifecycleMappingFactory - Using org.eclipse.m2e.jdt.JarLifecycleMapping lifecycle mapping for MavenProject: com.data2o.learningstorm:storm-example:0.0.1-SNAPSHOT @ /Users/njvijay/big_data/storm_program/learning/storm-example/pom.xml.
2015-06-16 14:24:03,511 [Worker-7] INFO  o.e.m.j.i.AbstractJavaProjectConfigurator - Adding source folder /storm-example/src/main/java
2015-06-16 14:24:03,514 [Worker-7] INFO  o.e.m.j.i.AbstractJavaProjectConfigurator - Adding source folder /storm-example/src/test/java
2015-06-16 14:24:03,903 [Worker-8] INFO  o.e.m.c.i.l.LifecycleMappingFactory - Using org.eclipse.m2e.jdt.JarLifecycleMapping lifecycle mapping for MavenProject: com.data2o.learningstorm:storm-example:0.0.1-SNAPSHOT @ /Users/njvijay/big_data/storm_program/learning/storm-example/pom.xml.
2015-06-16 14:24:15,312 [Worker-7] INFO  o.e.m.c.i.p.ProjectConfigurationManager - Imported and configured 1 project(s) in 18 sec
2015-06-16 14:24:16,883 [Worker-8] INFO  o.e.m.c.i.l.LifecycleMappingFactory - Using org.eclipse.m2e.jdt.JarLifecycleMapping lifecycle mapping for MavenProject: com.data2o.learningstorm:storm-example:0.0.1-SNAPSHOT @ /Users/njvijay/big_data/storm_program/learning/storm-example/pom.xml.
2015-06-16 14:24:17,129 [Worker-8] INFO  o.e.m.c.i.embedder.EclipseLogger - Using 'UTF-8' encoding to copy filtered resources.
2015-06-16 14:24:17,129 [Worker-8] INFO  o.e.m.c.i.embedder.EclipseLogger - skip non existing resourceDirectory /Users/njvijay/big_data/storm_program/learning/storm-example/src/main/resources
2015-06-16 14:24:17,131 [Worker-8] INFO  o.e.m.c.i.embedder.EclipseLogger - Using 'UTF-8' encoding to copy filtered resources.
2015-06-16 14:24:17,132 [Worker-8] INFO  o.e.m.c.i.embedder.EclipseLogger - skip non existing resourceDirectory /Users/njvijay/big_data/storm_program/learning/storm-example/src/test/resources
2015-06-16 14:27:35,744 [Worker-3] INFO  o.e.m.c.i.l.LifecycleMappingFactory - Using org.eclipse.m2e.jdt.JarLifecycleMapping lifecycle mapping for MavenProject: com.data2o.learningstorm:storm-example:0.0.1-SNAPSHOT @ /Users/njvijay/big_data/storm_program/learning/storm-example/pom.xml.
2015-06-16 14:27:36,404 [Worker-3] INFO  o.e.m.c.i.e.AbstractTransferListenerAdapter - Downloaded http://repo.maven.apache.org/maven2/storm/storm-core/0.9.5/storm-core-0.9.5.pom
2015-06-16 14:27:36,443 [Worker-3] WARN  o.e.m.c.i.embedder.EclipseLogger - The POM for storm:storm-core:jar:0.9.5 is missing, no dependency information available
2015-06-16 14:27:36,630 [Worker-3] INFO  o.e.m.c.i.e.AbstractTransferListenerAdapter - Downloaded http://repo.maven.apache.org/maven2/storm/storm-core/0.9.5/storm-core-0.9.5.jar
2015-06-16 14:27:37,047 [Worker-3] INFO  o.e.m.c.i.embedder.EclipseLogger - Using 'UTF-8' encoding to copy filtered resources.
2015-06-16 14:27:37,048 [Worker-3] INFO  o.e.m.c.i.embedder.EclipseLogger - skip non existing resourceDirectory /Users/njvijay/big_data/storm_program/learning/storm-example/src/main/resources
2015-06-16 14:27:37,049 [Worker-3] INFO  o.e.m.c.i.embedder.EclipseLogger - Using 'UTF-8' encoding to copy filtered resources.
2015-06-16 14:27:37,049 [Worker-3] INFO  o.e.m.c.i.embedder.EclipseLogger - skip non existing resourceDirectory /Users/njvijay/big_data/storm_program/learning/storm-example/src/test/resources
2015-06-16 14:27:37,178 [Worker-7] WARN  o.e.m.c.i.embedder.EclipseLogger - The POM for storm:storm-core:jar:0.9.5 is missing, no dependency information available
2015-06-16 14:27:37,184 [Worker-7] WARN  o.e.m.c.i.embedder.EclipseLogger - The POM for storm:storm-core:jar:0.9.5 is missing, no dependency information available
2015-06-16 14:37:45,200 [Worker-21] INFO  o.e.m.c.i.e.AbstractTransferListenerAdapter - Downloading http://repo.maven.apache.org/maven2/org/apache/maven/plugins/maven-assembly-plugin/2.2.1/maven-assembly-plugin-2.2.1.jar
2015-06-16 14:37:45,509 [Worker-21] INFO  o.e.m.c.i.e.AbstractTransferListenerAdapter - Downloaded http://repo.maven.apache.org/maven2/org/apache/maven/plugins/maven-assembly-plugin/2.2.1/maven-assembly-plugin-2.2.1.jar
2015-06-16 14:37:45,787 [Worker-21] INFO  o.e.m.c.i.l.LifecycleMappingFactory - Using org.eclipse.m2e.jdt.JarLifecycleMapping lifecycle mapping for MavenProject: com.data2o.learningstorm:storm-example:0.0.1-SNAPSHOT @ /Users/njvijay/big_data/storm_program/learning/storm-example/pom.xml.
2015-06-16 14:37:45,977 [Worker-21] INFO  o.e.m.c.i.e.AbstractTransferListenerAdapter - Downloaded http://clojars.org/repo/storm/storm-core/0.9.5/storm-core-0.9.5.pom
2015-06-16 14:37:45,978 [Worker-21] WARN  o.e.m.c.i.embedder.EclipseLogger - The POM for storm:storm-core:jar:0.9.5 is missing, no dependency information available
2015-06-16 14:37:46,117 [Worker-21] INFO  o.e.m.c.i.e.AbstractTransferListenerAdapter - Downloaded http://clojars.org/repo/storm/storm-core/0.9.5/storm-core-0.9.5.jar
2015-06-16 14:37:46,182 [Worker-21] INFO  o.e.m.c.i.embedder.EclipseLogger - Using 'UTF-8' encoding to copy filtered resources.
2015-06-16 14:37:46,182 [Worker-21] INFO  o.e.m.c.i.embedder.EclipseLogger - skip non existing resourceDirectory /Users/njvijay/big_data/storm_program/learning/storm-example/src/main/resources
2015-06-16 14:37:46,185 [Worker-21] INFO  o.e.m.c.i.embedder.EclipseLogger - Using 'UTF-8' encoding to copy filtered resources.
2015-06-16 14:37:46,185 [Worker-21] INFO  o.e.m.c.i.embedder.EclipseLogger - skip non existing resourceDirectory /Users/njvijay/big_data/storm_program/learning/storm-example/src/test/resources
2015-06-16 14:37:46,206 [Worker-23] WARN  o.e.m.c.i.embedder.EclipseLogger - The POM for storm:storm-core:jar:0.9.5 is missing, no dependency information available
2015-06-16 14:37:46,212 [Worker-23] WARN  o.e.m.c.i.embedder.EclipseLogger - The POM for storm:storm-core:jar:0.9.5 is missing, no dependency information available
2015-06-16 14:40:29,560 [Worker-19] INFO  o.e.m.c.i.embedder.EclipseLogger - Using 'UTF-8' encoding to copy filtered resources.
2015-06-16 14:40:29,573 [Worker-19] INFO  o.e.m.c.i.embedder.EclipseLogger - skip non existing resourceDirectory /Users/njvijay/big_data/storm_program/learning/storm-example/src/main/resources
2015-06-16 14:40:29,575 [Worker-19] INFO  o.e.m.c.i.embedder.EclipseLogger - Using 'UTF-8' encoding to copy filtered resources.
2015-06-16 14:40:29,575 [Worker-19] INFO  o.e.m.c.i.embedder.EclipseLogger - skip non existing resourceDirectory /Users/njvijay/big_data/storm_program/learning/storm-example/src/test/resources
2015-06-16 14:41:38,494 [Worker-24] INFO  o.e.m.c.i.l.LifecycleMappingFactory - Using org.eclipse.m2e.jdt.JarLifecycleMapping lifecycle mapping for MavenProject: com.data2o.learningstorm:storm-example:0.0.1-SNAPSHOT @ /Users/njvijay/big_data/storm_program/learning/storm-example/pom.xml.
2015-06-16 14:41:38,545 [Worker-24] WARN  o.e.m.c.i.embedder.EclipseLogger - The POM for storm:storm-core:jar:0.9.5 is missing, no dependency information available
2015-06-16 14:41:38,758 [Worker-24] INFO  o.e.m.c.i.embedder.EclipseLogger - Using 'UTF-8' encoding to copy filtered resources.
2015-06-16 14:41:38,758 [Worker-24] INFO  o.e.m.c.i.embedder.EclipseLogger - skip non existing resourceDirectory /Users/njvijay/big_data/storm_program/learning/storm-example/src/main/resources
2015-06-16 14:41:38,760 [Worker-24] INFO  o.e.m.c.i.embedder.EclipseLogger - Using 'UTF-8' encoding to copy filtered resources.
2015-06-16 14:41:38,760 [Worker-24] INFO  o.e.m.c.i.embedder.EclipseLogger - skip non existing resourceDirectory /Users/njvijay/big_data/storm_program/learning/storm-example/src/test/resources
2015-06-16 14:41:38,907 [Worker-16] WARN  o.e.m.c.i.embedder.EclipseLogger - The POM for storm:storm-core:jar:0.9.5 is missing, no dependency information available
2015-06-16 14:41:38,911 [Worker-16] WARN  o.e.m.c.i.embedder.EclipseLogger - The POM for storm:storm-core:jar:0.9.5 is missing, no dependency information available
2015-06-16 14:42:10,194 [Worker-16] INFO  o.e.m.c.i.l.LifecycleMappingFactory - Using org.eclipse.m2e.jdt.JarLifecycleMapping lifecycle mapping for MavenProject: com.data2o.learningstorm:storm-example:0.0.1-SNAPSHOT @ /Users/njvijay/big_data/storm_program/learning/storm-example/pom.xml.
2015-06-16 14:42:10,264 [Worker-16] INFO  o.e.m.c.i.e.AbstractTransferListenerAdapter - Downloaded http://repo.maven.apache.org/maven2/storm/storm/0.9.5/storm-0.9.5.pom
2015-06-16 14:42:10,265 [Worker-16] WARN  o.e.m.c.i.embedder.EclipseLogger - The POM for storm:storm:jar:0.9.5 is missing, no dependency information available
2015-06-16 14:42:10,405 [Worker-16] INFO  o.e.m.c.i.e.AbstractTransferListenerAdapter - Downloaded http://repo.maven.apache.org/maven2/storm/storm/0.9.5/storm-0.9.5.jar
2015-06-16 14:42:10,427 [Worker-16] INFO  o.e.m.c.i.embedder.EclipseLogger - Using 'UTF-8' encoding to copy filtered resources.
2015-06-16 14:42:10,427 [Worker-16] INFO  o.e.m.c.i.embedder.EclipseLogger - skip non existing resourceDirectory /Users/njvijay/big_data/storm_program/learning/storm-example/src/main/resources
2015-06-16 14:42:10,428 [Worker-16] INFO  o.e.m.c.i.embedder.EclipseLogger - Using 'UTF-8' encoding to copy filtered resources.
2015-06-16 14:42:10,428 [Worker-16] INFO  o.e.m.c.i.embedder.EclipseLogger - skip non existing resourceDirectory /Users/njvijay/big_data/storm_program/learning/storm-example/src/test/resources
2015-06-16 14:42:10,456 [Worker-21] WARN  o.e.m.c.i.embedder.EclipseLogger - The POM for storm:storm:jar:0.9.5 is missing, no dependency information available
2015-06-16 14:42:10,461 [Worker-21] WARN  o.e.m.c.i.embedder.EclipseLogger - The POM for storm:storm:jar:0.9.5 is missing, no dependency information available
2015-06-16 14:42:36,508 [Worker-16] INFO  o.e.m.c.i.l.LifecycleMappingFactory - Using org.eclipse.m2e.jdt.JarLifecycleMapping lifecycle mapping for MavenProject: com.data2o.learningstorm:storm-example:0.0.1-SNAPSHOT @ /Users/njvijay/big_data/storm_program/learning/storm-example/pom.xml.
2015-06-16 14:42:36,582 [Worker-16] INFO  o.e.m.c.i.e.AbstractTransferListenerAdapter - Downloaded http://clojars.org/repo/storm/storm/0.9.5/storm-0.9.5.pom
2015-06-16 14:42:36,584 [Worker-16] WARN  o.e.m.c.i.embedder.EclipseLogger - The POM for storm:storm:jar:0.9.5 is missing, no dependency information available
2015-06-16 14:42:36,653 [Worker-16] INFO  o.e.m.c.i.e.AbstractTransferListenerAdapter - Downloaded http://clojars.org/repo/storm/storm/0.9.5/storm-0.9.5.jar
2015-06-16 14:42:36,677 [Worker-16] INFO  o.e.m.c.i.embedder.EclipseLogger - Using 'UTF-8' encoding to copy filtered resources.
2015-06-16 14:42:36,677 [Worker-16] INFO  o.e.m.c.i.embedder.EclipseLogger - skip non existing resourceDirectory /Users/njvijay/big_data/storm_program/learning/storm-example/src/main/resources
2015-06-16 14:42:36,679 [Worker-16] INFO  o.e.m.c.i.embedder.EclipseLogger - Using 'UTF-8' encoding to copy filtered resources.
2015-06-16 14:42:36,679 [Worker-16] INFO  o.e.m.c.i.embedder.EclipseLogger - skip non existing resourceDirectory /Users/njvijay/big_data/storm_program/learning/storm-example/src/test/resources
2015-06-16 14:42:36,835 [Worker-18] WARN  o.e.m.c.i.embedder.EclipseLogger - The POM for storm:storm:jar:0.9.5 is missing, no dependency information available
2015-06-16 14:42:36,841 [Worker-18] WARN  o.e.m.c.i.embedder.EclipseLogger - The POM for storm:storm:jar:0.9.5 is missing, no dependency information available
2015-06-16 14:49:05,929 [Worker-24] INFO  o.e.m.c.i.l.LifecycleMappingFactory - Using org.eclipse.m2e.jdt.JarLifecycleMapping lifecycle mapping for MavenProject: com.data2o.learningstorm:storm-example:0.0.1-SNAPSHOT @ /Users/njvijay/big_data/storm_program/learning/storm-example/pom.xml.
2015-06-16 14:49:06,140 [Worker-24] INFO  o.e.m.c.i.e.AbstractTransferListenerAdapter - Downloaded http://clojars.org/repo/org/apache/storm/storm-core/0.9.5/storm-core-0.9.5.pom
2015-06-16 14:49:06,317 [Worker-24] INFO  o.e.m.c.i.e.AbstractTransferListenerAdapter - Downloading http://repo.maven.apache.org/maven2/org/apache/storm/storm-core/0.9.5/storm-core-0.9.5.pom
2015-06-16 14:49:06,438 [Worker-24] INFO  o.e.m.c.i.e.AbstractTransferListenerAdapter - Downloaded http://repo.maven.apache.org/maven2/org/apache/storm/storm-core/0.9.5/storm-core-0.9.5.pom
2015-06-16 14:49:06,508 [Worker-24] INFO  o.e.m.c.i.e.AbstractTransferListenerAdapter - Downloaded http://clojars.org/repo/org/apache/storm/storm/0.9.5/storm-0.9.5.pom
2015-06-16 14:49:06,547 [Worker-24] INFO  o.e.m.c.i.e.AbstractTransferListenerAdapter - Downloading http://repo.maven.apache.org/maven2/org/apache/storm/storm/0.9.5/storm-0.9.5.pom
2015-06-16 14:49:06,718 [Worker-24] INFO  o.e.m.c.i.e.AbstractTransferListenerAdapter - Downloaded http://repo.maven.apache.org/maven2/org/apache/storm/storm/0.9.5/storm-0.9.5.pom
2015-06-16 14:49:06,831 [Worker-24] INFO  o.e.m.c.i.e.AbstractTransferListenerAdapter - Downloaded http://clojars.org/repo/org/clojure/clojure/1.5.1/clojure-1.5.1.pom
2015-06-16 14:49:06,867 [Worker-24] INFO  o.e.m.c.i.e.AbstractTransferListenerAdapter - Downloading http://repo.maven.apache.org/maven2/org/clojure/clojure/1.5.1/clojure-1.5.1.pom
2015-06-16 14:49:06,950 [Worker-24] INFO  o.e.m.c.i.e.AbstractTransferListenerAdapter - Downloaded http://repo.maven.apache.org/maven2/org/clojure/clojure/1.5.1/clojure-1.5.1.pom
2015-06-16 14:49:07,057 [Worker-24] INFO  o.e.m.c.i.e.AbstractTransferListenerAdapter - Downloaded http://clojars.org/repo/org/sonatype/oss/oss-parent/5/oss-parent-5.pom
2015-06-16 14:49:07,092 [Worker-24] INFO  o.e.m.c.i.e.AbstractTransferListenerAdapter - Downloading http://repo.maven.apache.org/maven2/org/sonatype/oss/oss-parent/5/oss-parent-5.pom
2015-06-16 14:49:07,166 [Worker-24] INFO  o.e.m.c.i.e.AbstractTransferListenerAdapter - Downloaded http://repo.maven.apache.org/maven2/org/sonatype/oss/oss-parent/5/oss-parent-5.pom
2015-06-16 14:49:07,237 [Worker-24] INFO  o.e.m.c.i.e.AbstractTransferListenerAdapter - Downloading http://clojars.org/repo/clj-time/clj-time/0.4.1/clj-time-0.4.1.pom
2015-06-16 14:49:07,306 [Worker-24] INFO  o.e.m.c.i.e.AbstractTransferListenerAdapter - Downloaded http://clojars.org/repo/clj-time/clj-time/0.4.1/clj-time-0.4.1.pom
2015-06-16 14:49:07,344 [Worker-24] INFO  o.e.m.c.i.e.AbstractTransferListenerAdapter - Downloaded http://clojars.org/repo/joda-time/joda-time/2.0/joda-time-2.0.pom
2015-06-16 14:49:07,391 [Worker-24] INFO  o.e.m.c.i.e.AbstractTransferListenerAdapter - Downloading http://repo.maven.apache.org/maven2/joda-time/joda-time/2.0/joda-time-2.0.pom
2015-06-16 14:49:07,465 [Worker-24] INFO  o.e.m.c.i.e.AbstractTransferListenerAdapter - Downloaded http://repo.maven.apache.org/maven2/joda-time/joda-time/2.0/joda-time-2.0.pom
2015-06-16 14:49:07,537 [Worker-24] INFO  o.e.m.c.i.e.AbstractTransferListenerAdapter - Downloading http://clojars.org/repo/org/clojure/clojure/1.3.0/clojure-1.3.0.pom
2015-06-16 14:49:07,610 [Worker-24] INFO  o.e.m.c.i.e.AbstractTransferListenerAdapter - Downloaded http://clojars.org/repo/org/clojure/clojure/1.3.0/clojure-1.3.0.pom
2015-06-16 14:49:07,649 [Worker-24] INFO  o.e.m.c.i.e.AbstractTransferListenerAdapter - Downloading http://clojars.org/repo/compojure/compojure/1.1.3/compojure-1.1.3.pom
2015-06-16 14:49:07,717 [Worker-24] INFO  o.e.m.c.i.e.AbstractTransferListenerAdapter - Downloaded http://clojars.org/repo/compojure/compojure/1.1.3/compojure-1.1.3.pom
2015-06-16 14:49:07,755 [Worker-24] INFO  o.e.m.c.i.e.AbstractTransferListenerAdapter - Downloading http://clojars.org/repo/org/clojure/clojure/1.2.1/clojure-1.2.1.pom
2015-06-16 14:49:07,823 [Worker-24] INFO  o.e.m.c.i.e.AbstractTransferListenerAdapter - Downloaded http://clojars.org/repo/org/clojure/clojure/1.2.1/clojure-1.2.1.pom
2015-06-16 14:49:07,861 [Worker-24] INFO  o.e.m.c.i.e.AbstractTransferListenerAdapter - Downloaded http://clojars.org/repo/org/clojure/core.incubator/0.1.0/core.incubator-0.1.0.pom
2015-06-16 14:49:07,899 [Worker-24] INFO  o.e.m.c.i.e.AbstractTransferListenerAdapter - Downloading http://repo.maven.apache.org/maven2/org/clojure/core.incubator/0.1.0/core.incubator-0.1.0.pom
2015-06-16 14:49:07,971 [Worker-24] INFO  o.e.m.c.i.e.AbstractTransferListenerAdapter - Downloaded http://repo.maven.apache.org/maven2/org/clojure/core.incubator/0.1.0/core.incubator-0.1.0.pom
2015-06-16 14:49:08,048 [Worker-24] INFO  o.e.m.c.i.e.AbstractTransferListenerAdapter - Downloaded http://clojars.org/repo/org/clojure/pom.contrib/0.0.20/pom.contrib-0.0.20.pom
2015-06-16 14:49:08,085 [Worker-24] INFO  o.e.m.c.i.e.AbstractTransferListenerAdapter - Downloading http://repo.maven.apache.org/maven2/org/clojure/pom.contrib/0.0.20/pom.contrib-0.0.20.pom
2015-06-16 14:49:08,158 [Worker-24] INFO  o.e.m.c.i.e.AbstractTransferListenerAdapter - Downloaded http://repo.maven.apache.org/maven2/org/clojure/pom.contrib/0.0.20/pom.contrib-0.0.20.pom
2015-06-16 14:49:08,232 [Worker-24] INFO  o.e.m.c.i.e.AbstractTransferListenerAdapter - Downloaded http://clojars.org/repo/org/clojure/clojure/1.3.0-alpha5/clojure-1.3.0-alpha5.pom
2015-06-16 14:49:08,269 [Worker-24] INFO  o.e.m.c.i.e.AbstractTransferListenerAdapter - Downloading http://repo.maven.apache.org/maven2/org/clojure/clojure/1.3.0-alpha5/clojure-1.3.0-alpha5.pom
2015-06-16 14:49:08,352 [Worker-24] INFO  o.e.m.c.i.e.AbstractTransferListenerAdapter - Downloaded http://repo.maven.apache.org/maven2/org/clojure/clojure/1.3.0-alpha5/clojure-1.3.0-alpha5.pom
2015-06-16 14:49:08,427 [Worker-24] INFO  o.e.m.c.i.e.AbstractTransferListenerAdapter - Downloaded http://clojars.org/repo/org/clojure/tools.macro/0.1.0/tools.macro-0.1.0.pom
2015-06-16 14:49:08,467 [Worker-24] INFO  o.e.m.c.i.e.AbstractTransferListenerAdapter - Downloading http://repo.maven.apache.org/maven2/org/clojure/tools.macro/0.1.0/tools.macro-0.1.0.pom
2015-06-16 14:49:08,541 [Worker-24] INFO  o.e.m.c.i.e.AbstractTransferListenerAdapter - Downloaded http://repo.maven.apache.org/maven2/org/clojure/tools.macro/0.1.0/tools.macro-0.1.0.pom
2015-06-16 14:49:08,614 [Worker-24] INFO  o.e.m.c.i.e.AbstractTransferListenerAdapter - Downloading http://clojars.org/repo/clout/clout/1.0.1/clout-1.0.1.pom
2015-06-16 14:49:08,684 [Worker-24] INFO  o.e.m.c.i.e.AbstractTransferListenerAdapter - Downloaded http://clojars.org/repo/clout/clout/1.0.1/clout-1.0.1.pom
2015-06-16 14:49:08,730 [Worker-24] INFO  o.e.m.c.i.e.AbstractTransferListenerAdapter - Downloading http://clojars.org/repo/ring/ring-core/1.1.5/ring-core-1.1.5.pom
2015-06-16 14:49:08,800 [Worker-24] INFO  o.e.m.c.i.e.AbstractTransferListenerAdapter - Downloaded http://clojars.org/repo/ring/ring-core/1.1.5/ring-core-1.1.5.pom
2015-06-16 14:49:09,056 [Worker-24] INFO  o.e.m.c.i.e.AbstractTransferListenerAdapter - Downloaded http://clojars.org/repo/commons-fileupload/commons-fileupload/1.2.1/commons-fileupload-1.2.1.pom
2015-06-16 14:49:09,096 [Worker-24] INFO  o.e.m.c.i.e.AbstractTransferListenerAdapter - Downloading http://repo.maven.apache.org/maven2/commons-fileupload/commons-fileupload/1.2.1/commons-fileupload-1.2.1.pom
2015-06-16 14:49:09,168 [Worker-24] INFO  o.e.m.c.i.e.AbstractTransferListenerAdapter - Downloaded http://repo.maven.apache.org/maven2/commons-fileupload/commons-fileupload/1.2.1/commons-fileupload-1.2.1.pom
2015-06-16 14:49:09,236 [Worker-24] INFO  o.e.m.c.i.e.AbstractTransferListenerAdapter - Downloaded http://clojars.org/repo/org/apache/commons/commons-parent/7/commons-parent-7.pom
2015-06-16 14:49:09,272 [Worker-24] INFO  o.e.m.c.i.e.AbstractTransferListenerAdapter - Downloading http://repo.maven.apache.org/maven2/org/apache/commons/commons-parent/7/commons-parent-7.pom
2015-06-16 14:49:09,346 [Worker-24] INFO  o.e.m.c.i.e.AbstractTransferListenerAdapter - Downloaded http://repo.maven.apache.org/maven2/org/apache/commons/commons-parent/7/commons-parent-7.pom
2015-06-16 14:49:09,541 [Worker-24] INFO  o.e.m.c.i.e.AbstractTransferListenerAdapter - Downloading http://clojars.org/repo/clj-time/clj-time/0.3.7/clj-time-0.3.7.pom
2015-06-16 14:49:09,612 [Worker-24] INFO  o.e.m.c.i.e.AbstractTransferListenerAdapter - Downloaded http://clojars.org/repo/clj-time/clj-time/0.3.7/clj-time-0.3.7.pom
2015-06-16 14:49:09,648 [Worker-24] INFO  o.e.m.c.i.e.AbstractTransferListenerAdapter - Downloading http://clojars.org/repo/hiccup/hiccup/0.3.6/hiccup-0.3.6.pom
2015-06-16 14:49:09,716 [Worker-24] INFO  o.e.m.c.i.e.AbstractTransferListenerAdapter - Downloaded http://clojars.org/repo/hiccup/hiccup/0.3.6/hiccup-0.3.6.pom
2015-06-16 14:49:09,751 [Worker-24] INFO  o.e.m.c.i.e.AbstractTransferListenerAdapter - Downloading http://clojars.org/repo/org/clojure/clojure/1.2.0/clojure-1.2.0.pom
2015-06-16 14:49:09,819 [Worker-24] INFO  o.e.m.c.i.e.AbstractTransferListenerAdapter - Downloaded http://clojars.org/repo/org/clojure/clojure/1.2.0/clojure-1.2.0.pom
2015-06-16 14:49:09,858 [Worker-24] INFO  o.e.m.c.i.e.AbstractTransferListenerAdapter - Downloading http://clojars.org/repo/ring/ring-devel/0.3.11/ring-devel-0.3.11.pom
2015-06-16 14:49:09,925 [Worker-24] INFO  o.e.m.c.i.e.AbstractTransferListenerAdapter - Downloaded http://clojars.org/repo/ring/ring-devel/0.3.11/ring-devel-0.3.11.pom
2015-06-16 14:49:09,960 [Worker-24] INFO  o.e.m.c.i.e.AbstractTransferListenerAdapter - Downloading http://clojars.org/repo/ring/ring-core/0.3.11/ring-core-0.3.11.pom
2015-06-16 14:49:10,028 [Worker-24] INFO  o.e.m.c.i.e.AbstractTransferListenerAdapter - Downloaded http://clojars.org/repo/ring/ring-core/0.3.11/ring-core-0.3.11.pom
2015-06-16 14:49:10,186 [Worker-24] INFO  o.e.m.c.i.e.AbstractTransferListenerAdapter - Downloaded http://clojars.org/repo/commons-io/commons-io/1.4/commons-io-1.4.pom
2015-06-16 14:49:10,223 [Worker-24] INFO  o.e.m.c.i.e.AbstractTransferListenerAdapter - Downloading http://repo.maven.apache.org/maven2/commons-io/commons-io/1.4/commons-io-1.4.pom
2015-06-16 14:49:10,305 [Worker-24] INFO  o.e.m.c.i.e.AbstractTransferListenerAdapter - Downloaded http://repo.maven.apache.org/maven2/commons-io/commons-io/1.4/commons-io-1.4.pom
2015-06-16 14:49:10,376 [Worker-24] INFO  o.e.m.c.i.e.AbstractTransferListenerAdapter - Downloading http://clojars.org/repo/clj-stacktrace/clj-stacktrace/0.2.2/clj-stacktrace-0.2.2.pom
2015-06-16 14:49:10,445 [Worker-24] INFO  o.e.m.c.i.e.AbstractTransferListenerAdapter - Downloaded http://clojars.org/repo/clj-stacktrace/clj-stacktrace/0.2.2/clj-stacktrace-0.2.2.pom
2015-06-16 14:49:10,486 [Worker-24] INFO  o.e.m.c.i.e.AbstractTransferListenerAdapter - Downloading http://clojars.org/repo/ring/ring-jetty-adapter/0.3.11/ring-jetty-adapter-0.3.11.pom
2015-06-16 14:49:10,553 [Worker-24] INFO  o.e.m.c.i.e.AbstractTransferListenerAdapter - Downloaded http://clojars.org/repo/ring/ring-jetty-adapter/0.3.11/ring-jetty-adapter-0.3.11.pom
2015-06-16 14:49:10,589 [Worker-24] INFO  o.e.m.c.i.e.AbstractTransferListenerAdapter - Downloading http://clojars.org/repo/ring/ring-servlet/0.3.11/ring-servlet-0.3.11.pom
2015-06-16 14:49:10,658 [Worker-24] INFO  o.e.m.c.i.e.AbstractTransferListenerAdapter - Downloaded http://clojars.org/repo/ring/ring-servlet/0.3.11/ring-servlet-0.3.11.pom
2015-06-16 14:49:10,891 [Worker-24] INFO  o.e.m.c.i.e.AbstractTransferListenerAdapter - Downloaded http://clojars.org/repo/org/clojure/tools.logging/0.2.3/tools.logging-0.2.3.pom
2015-06-16 14:49:10,928 [Worker-24] INFO  o.e.m.c.i.e.AbstractTransferListenerAdapter - Downloading http://repo.maven.apache.org/maven2/org/clojure/tools.logging/0.2.3/tools.logging-0.2.3.pom
2015-06-16 14:49:11,002 [Worker-24] INFO  o.e.m.c.i.e.AbstractTransferListenerAdapter - Downloaded http://repo.maven.apache.org/maven2/org/clojure/tools.logging/0.2.3/tools.logging-0.2.3.pom
2015-06-16 14:49:11,072 [Worker-24] INFO  o.e.m.c.i.e.AbstractTransferListenerAdapter - Downloaded http://clojars.org/repo/org/clojure/pom.contrib/0.0.23/pom.contrib-0.0.23.pom
2015-06-16 14:49:11,113 [Worker-24] INFO  o.e.m.c.i.e.AbstractTransferListenerAdapter - Downloading http://repo.maven.apache.org/maven2/org/clojure/pom.contrib/0.0.23/pom.contrib-0.0.23.pom
2015-06-16 14:49:11,199 [Worker-24] INFO  o.e.m.c.i.e.AbstractTransferListenerAdapter - Downloaded http://repo.maven.apache.org/maven2/org/clojure/pom.contrib/0.0.23/pom.contrib-0.0.23.pom
2015-06-16 14:49:11,273 [Worker-24] INFO  o.e.m.c.i.e.AbstractTransferListenerAdapter - Downloaded http://clojars.org/repo/org/clojure/clojure/1.3.0-beta1/clojure-1.3.0-beta1.pom
2015-06-16 14:49:11,311 [Worker-24] INFO  o.e.m.c.i.e.AbstractTransferListenerAdapter - Downloading http://repo.maven.apache.org/maven2/org/clojure/clojure/1.3.0-beta1/clojure-1.3.0-beta1.pom
2015-06-16 14:49:11,384 [Worker-24] INFO  o.e.m.c.i.e.AbstractTransferListenerAdapter - Downloaded http://repo.maven.apache.org/maven2/org/clojure/clojure/1.3.0-beta1/clojure-1.3.0-beta1.pom
2015-06-16 14:49:11,460 [Worker-24] INFO  o.e.m.c.i.e.AbstractTransferListenerAdapter - Downloaded http://clojars.org/repo/org/clojure/math.numeric-tower/0.0.1/math.numeric-tower-0.0.1.pom
2015-06-16 14:49:11,496 [Worker-24] INFO  o.e.m.c.i.e.AbstractTransferListenerAdapter - Downloading http://repo.maven.apache.org/maven2/org/clojure/math.numeric-tower/0.0.1/math.numeric-tower-0.0.1.pom
2015-06-16 14:49:11,568 [Worker-24] INFO  o.e.m.c.i.e.AbstractTransferListenerAdapter - Downloaded http://repo.maven.apache.org/maven2/org/clojure/math.numeric-tower/0.0.1/math.numeric-tower-0.0.1.pom
2015-06-16 14:49:11,640 [Worker-24] INFO  o.e.m.c.i.e.AbstractTransferListenerAdapter - Downloaded http://clojars.org/repo/org/clojure/pom.contrib/0.0.25/pom.contrib-0.0.25.pom
2015-06-16 14:49:11,675 [Worker-24] INFO  o.e.m.c.i.e.AbstractTransferListenerAdapter - Downloading http://repo.maven.apache.org/maven2/org/clojure/pom.contrib/0.0.25/pom.contrib-0.0.25.pom
2015-06-16 14:49:11,747 [Worker-24] INFO  o.e.m.c.i.e.AbstractTransferListenerAdapter - Downloaded http://repo.maven.apache.org/maven2/org/clojure/pom.contrib/0.0.25/pom.contrib-0.0.25.pom
2015-06-16 14:49:11,819 [Worker-24] INFO  o.e.m.c.i.e.AbstractTransferListenerAdapter - Downloaded http://clojars.org/repo/org/clojure/tools.cli/0.2.4/tools.cli-0.2.4.pom
2015-06-16 14:49:11,857 [Worker-24] INFO  o.e.m.c.i.e.AbstractTransferListenerAdapter - Downloading http://repo.maven.apache.org/maven2/org/clojure/tools.cli/0.2.4/tools.cli-0.2.4.pom
2015-06-16 14:49:11,927 [Worker-24] INFO  o.e.m.c.i.e.AbstractTransferListenerAdapter - Downloaded http://repo.maven.apache.org/maven2/org/clojure/tools.cli/0.2.4/tools.cli-0.2.4.pom
2015-06-16 14:49:11,997 [Worker-24] INFO  o.e.m.c.i.e.AbstractTransferListenerAdapter - Downloaded http://clojars.org/repo/org/clojure/pom.contrib/0.1.2/pom.contrib-0.1.2.pom
2015-06-16 14:49:12,033 [Worker-24] INFO  o.e.m.c.i.e.AbstractTransferListenerAdapter - Downloading http://repo.maven.apache.org/maven2/org/clojure/pom.contrib/0.1.2/pom.contrib-0.1.2.pom
2015-06-16 14:49:12,112 [Worker-24] INFO  o.e.m.c.i.e.AbstractTransferListenerAdapter - Downloaded http://repo.maven.apache.org/maven2/org/clojure/pom.contrib/0.1.2/pom.contrib-0.1.2.pom
2015-06-16 14:49:12,213 [Worker-24] INFO  o.e.m.c.i.e.AbstractTransferListenerAdapter - Downloading http://clojars.org/repo/org/clojure/clojure/1.4.0/clojure-1.4.0.pom
2015-06-16 14:49:12,290 [Worker-24] INFO  o.e.m.c.i.e.AbstractTransferListenerAdapter - Downloaded http://clojars.org/repo/org/clojure/clojure/1.4.0/clojure-1.4.0.pom
2015-06-16 14:49:12,473 [Worker-24] INFO  o.e.m.c.i.e.AbstractTransferListenerAdapter - Downloaded http://clojars.org/repo/commons-lang/commons-lang/2.5/commons-lang-2.5.pom
2015-06-16 14:49:12,517 [Worker-24] INFO  o.e.m.c.i.e.AbstractTransferListenerAdapter - Downloading http://repo.maven.apache.org/maven2/commons-lang/commons-lang/2.5/commons-lang-2.5.pom
2015-06-16 14:49:12,588 [Worker-24] INFO  o.e.m.c.i.e.AbstractTransferListenerAdapter - Downloaded http://repo.maven.apache.org/maven2/commons-lang/commons-lang/2.5/commons-lang-2.5.pom
2015-06-16 14:49:12,655 [Worker-24] INFO  o.e.m.c.i.e.AbstractTransferListenerAdapter - Downloaded http://clojars.org/repo/org/apache/commons/commons-parent/12/commons-parent-12.pom
2015-06-16 14:49:12,690 [Worker-24] INFO  o.e.m.c.i.e.AbstractTransferListenerAdapter - Downloading http://repo.maven.apache.org/maven2/org/apache/commons/commons-parent/12/commons-parent-12.pom
2015-06-16 14:49:12,790 [Worker-24] INFO  o.e.m.c.i.e.AbstractTransferListenerAdapter - Downloaded http://repo.maven.apache.org/maven2/org/apache/commons/commons-parent/12/commons-parent-12.pom
2015-06-16 14:49:12,863 [Worker-24] INFO  o.e.m.c.i.e.AbstractTransferListenerAdapter - Downloaded http://clojars.org/repo/com/googlecode/json-simple/json-simple/1.1/json-simple-1.1.pom
2015-06-16 14:49:12,900 [Worker-24] INFO  o.e.m.c.i.e.AbstractTransferListenerAdapter - Downloading http://repo.maven.apache.org/maven2/com/googlecode/json-simple/json-simple/1.1/json-simple-1.1.pom
2015-06-16 14:49:12,973 [Worker-24] INFO  o.e.m.c.i.e.AbstractTransferListenerAdapter - Downloaded http://repo.maven.apache.org/maven2/com/googlecode/json-simple/json-simple/1.1/json-simple-1.1.pom
2015-06-16 14:49:13,043 [Worker-24] INFO  o.e.m.c.i.e.AbstractTransferListenerAdapter - Downloading http://clojars.org/repo/com/twitter/carbonite/1.4.0/carbonite-1.4.0.pom
2015-06-16 14:49:13,114 [Worker-24] INFO  o.e.m.c.i.e.AbstractTransferListenerAdapter - Downloaded http://clojars.org/repo/com/twitter/carbonite/1.4.0/carbonite-1.4.0.pom
2015-06-16 14:49:13,150 [Worker-24] INFO  o.e.m.c.i.e.AbstractTransferListenerAdapter - Downloaded http://clojars.org/repo/com/esotericsoftware/kryo/kryo/2.21/kryo-2.21.pom
2015-06-16 14:49:13,186 [Worker-24] INFO  o.e.m.c.i.e.AbstractTransferListenerAdapter - Downloading http://repo.maven.apache.org/maven2/com/esotericsoftware/kryo/kryo/2.21/kryo-2.21.pom
2015-06-16 14:49:13,260 [Worker-24] INFO  o.e.m.c.i.e.AbstractTransferListenerAdapter - Downloaded http://repo.maven.apache.org/maven2/com/esotericsoftware/kryo/kryo/2.21/kryo-2.21.pom
2015-06-16 14:49:13,334 [Worker-24] INFO  o.e.m.c.i.e.AbstractTransferListenerAdapter - Downloaded http://clojars.org/repo/com/esotericsoftware/reflectasm/reflectasm/1.07/reflectasm-1.07.pom
2015-06-16 14:49:13,370 [Worker-24] INFO  o.e.m.c.i.e.AbstractTransferListenerAdapter - Downloading http://repo.maven.apache.org/maven2/com/esotericsoftware/reflectasm/reflectasm/1.07/reflectasm-1.07.pom
2015-06-16 14:49:13,443 [Worker-24] INFO  o.e.m.c.i.e.AbstractTransferListenerAdapter - Downloaded http://repo.maven.apache.org/maven2/com/esotericsoftware/reflectasm/reflectasm/1.07/reflectasm-1.07.pom
2015-06-16 14:49:13,551 [Worker-24] INFO  o.e.m.c.i.e.AbstractTransferListenerAdapter - Downloaded http://clojars.org/repo/org/ow2/asm/asm/4.0/asm-4.0.pom
2015-06-16 14:49:13,589 [Worker-24] INFO  o.e.m.c.i.e.AbstractTransferListenerAdapter - Downloading http://repo.maven.apache.org/maven2/org/ow2/asm/asm/4.0/asm-4.0.pom
2015-06-16 14:49:13,661 [Worker-24] INFO  o.e.m.c.i.e.AbstractTransferListenerAdapter - Downloaded http://repo.maven.apache.org/maven2/org/ow2/asm/asm/4.0/asm-4.0.pom
2015-06-16 14:49:13,734 [Worker-24] INFO  o.e.m.c.i.e.AbstractTransferListenerAdapter - Downloaded http://clojars.org/repo/org/ow2/asm/asm-parent/4.0/asm-parent-4.0.pom
2015-06-16 14:49:13,776 [Worker-24] INFO  o.e.m.c.i.e.AbstractTransferListenerAdapter - Downloading http://repo.maven.apache.org/maven2/org/ow2/asm/asm-parent/4.0/asm-parent-4.0.pom
2015-06-16 14:49:13,851 [Worker-24] INFO  o.e.m.c.i.e.AbstractTransferListenerAdapter - Downloaded http://repo.maven.apache.org/maven2/org/ow2/asm/asm-parent/4.0/asm-parent-4.0.pom
2015-06-16 14:49:13,924 [Worker-24] INFO  o.e.m.c.i.e.AbstractTransferListenerAdapter - Downloaded http://clojars.org/repo/org/ow2/ow2/1.3/ow2-1.3.pom
2015-06-16 14:49:13,959 [Worker-24] INFO  o.e.m.c.i.e.AbstractTransferListenerAdapter - Downloading http://repo.maven.apache.org/maven2/org/ow2/ow2/1.3/ow2-1.3.pom
2015-06-16 14:49:14,036 [Worker-24] INFO  o.e.m.c.i.e.AbstractTransferListenerAdapter - Downloaded http://repo.maven.apache.org/maven2/org/ow2/ow2/1.3/ow2-1.3.pom
2015-06-16 14:49:14,108 [Worker-24] INFO  o.e.m.c.i.e.AbstractTransferListenerAdapter - Downloaded http://clojars.org/repo/com/esotericsoftware/minlog/minlog/1.2/minlog-1.2.pom
2015-06-16 14:49:14,146 [Worker-24] INFO  o.e.m.c.i.e.AbstractTransferListenerAdapter - Downloading http://repo.maven.apache.org/maven2/com/esotericsoftware/minlog/minlog/1.2/minlog-1.2.pom
2015-06-16 14:49:14,219 [Worker-24] INFO  o.e.m.c.i.e.AbstractTransferListenerAdapter - Downloaded http://repo.maven.apache.org/maven2/com/esotericsoftware/minlog/minlog/1.2/minlog-1.2.pom
2015-06-16 14:49:14,292 [Worker-24] INFO  o.e.m.c.i.e.AbstractTransferListenerAdapter - Downloaded http://clojars.org/repo/org/objenesis/objenesis/1.2/objenesis-1.2.pom
2015-06-16 14:49:14,327 [Worker-24] INFO  o.e.m.c.i.e.AbstractTransferListenerAdapter - Downloading http://repo.maven.apache.org/maven2/org/objenesis/objenesis/1.2/objenesis-1.2.pom
2015-06-16 14:49:14,398 [Worker-24] INFO  o.e.m.c.i.e.AbstractTransferListenerAdapter - Downloaded http://repo.maven.apache.org/maven2/org/objenesis/objenesis/1.2/objenesis-1.2.pom
2015-06-16 14:49:14,468 [Worker-24] INFO  o.e.m.c.i.e.AbstractTransferListenerAdapter - Downloaded http://clojars.org/repo/org/objenesis/objenesis-parent/1.2/objenesis-parent-1.2.pom
2015-06-16 14:49:14,504 [Worker-24] INFO  o.e.m.c.i.e.AbstractTransferListenerAdapter - Downloading http://repo.maven.apache.org/maven2/org/objenesis/objenesis-parent/1.2/objenesis-parent-1.2.pom
2015-06-16 14:49:14,578 [Worker-24] INFO  o.e.m.c.i.e.AbstractTransferListenerAdapter - Downloaded http://repo.maven.apache.org/maven2/org/objenesis/objenesis-parent/1.2/objenesis-parent-1.2.pom
2015-06-16 14:49:14,652 [Worker-24] INFO  o.e.m.c.i.e.AbstractTransferListenerAdapter - Downloaded http://clojars.org/repo/com/twitter/chill-java/0.3.5/chill-java-0.3.5.pom
2015-06-16 14:49:14,699 [Worker-24] INFO  o.e.m.c.i.e.AbstractTransferListenerAdapter - Downloading http://repo.maven.apache.org/maven2/com/twitter/chill-java/0.3.5/chill-java-0.3.5.pom
2015-06-16 14:49:14,773 [Worker-24] INFO  o.e.m.c.i.e.AbstractTransferListenerAdapter - Downloaded http://repo.maven.apache.org/maven2/com/twitter/chill-java/0.3.5/chill-java-0.3.5.pom
2015-06-16 14:49:14,847 [Worker-24] INFO  o.e.m.c.i.e.AbstractTransferListenerAdapter - Downloaded http://clojars.org/repo/org/yaml/snakeyaml/1.11/snakeyaml-1.11.pom
2015-06-16 14:49:14,885 [Worker-24] INFO  o.e.m.c.i.e.AbstractTransferListenerAdapter - Downloading http://repo.maven.apache.org/maven2/org/yaml/snakeyaml/1.11/snakeyaml-1.11.pom
2015-06-16 14:49:14,955 [Worker-24] INFO  o.e.m.c.i.e.AbstractTransferListenerAdapter - Downloaded http://repo.maven.apache.org/maven2/org/yaml/snakeyaml/1.11/snakeyaml-1.11.pom
2015-06-16 14:49:15,139 [Worker-24] INFO  o.e.m.c.i.e.AbstractTransferListenerAdapter - Downloaded http://clojars.org/repo/com/googlecode/disruptor/disruptor/2.10.1/disruptor-2.10.1.pom
2015-06-16 14:49:15,175 [Worker-24] INFO  o.e.m.c.i.e.AbstractTransferListenerAdapter - Downloading http://repo.maven.apache.org/maven2/com/googlecode/disruptor/disruptor/2.10.1/disruptor-2.10.1.pom
2015-06-16 14:49:15,249 [Worker-24] INFO  o.e.m.c.i.e.AbstractTransferListenerAdapter - Downloaded http://repo.maven.apache.org/maven2/com/googlecode/disruptor/disruptor/2.10.1/disruptor-2.10.1.pom
2015-06-16 14:49:15,321 [Worker-24] INFO  o.e.m.c.i.e.AbstractTransferListenerAdapter - Downloaded http://clojars.org/repo/org/jgrapht/jgrapht-core/0.9.0/jgrapht-core-0.9.0.pom
2015-06-16 14:49:15,357 [Worker-24] INFO  o.e.m.c.i.e.AbstractTransferListenerAdapter - Downloading http://repo.maven.apache.org/maven2/org/jgrapht/jgrapht-core/0.9.0/jgrapht-core-0.9.0.pom
2015-06-16 14:49:15,430 [Worker-24] INFO  o.e.m.c.i.e.AbstractTransferListenerAdapter - Downloaded http://repo.maven.apache.org/maven2/org/jgrapht/jgrapht-core/0.9.0/jgrapht-core-0.9.0.pom
2015-06-16 14:49:15,501 [Worker-24] INFO  o.e.m.c.i.e.AbstractTransferListenerAdapter - Downloaded http://clojars.org/repo/org/jgrapht/jgrapht/0.9.0/jgrapht-0.9.0.pom
2015-06-16 14:49:15,537 [Worker-24] INFO  o.e.m.c.i.e.AbstractTransferListenerAdapter - Downloading http://repo.maven.apache.org/maven2/org/jgrapht/jgrapht/0.9.0/jgrapht-0.9.0.pom
2015-06-16 14:49:15,612 [Worker-24] INFO  o.e.m.c.i.e.AbstractTransferListenerAdapter - Downloaded http://repo.maven.apache.org/maven2/org/jgrapht/jgrapht/0.9.0/jgrapht-0.9.0.pom
2015-06-16 14:49:15,686 [Worker-24] INFO  o.e.m.c.i.e.AbstractTransferListenerAdapter - Downloaded http://clojars.org/repo/ch/qos/logback/logback-classic/1.0.13/logback-classic-1.0.13.pom
2015-06-16 14:49:15,721 [Worker-24] INFO  o.e.m.c.i.e.AbstractTransferListenerAdapter - Downloading http://repo.maven.apache.org/maven2/ch/qos/logback/logback-classic/1.0.13/logback-classic-1.0.13.pom
2015-06-16 14:49:15,792 [Worker-24] INFO  o.e.m.c.i.e.AbstractTransferListenerAdapter - Downloaded http://repo.maven.apache.org/maven2/ch/qos/logback/logback-classic/1.0.13/logback-classic-1.0.13.pom
2015-06-16 14:49:15,858 [Worker-24] INFO  o.e.m.c.i.e.AbstractTransferListenerAdapter - Downloaded http://clojars.org/repo/ch/qos/logback/logback-parent/1.0.13/logback-parent-1.0.13.pom
2015-06-16 14:49:15,893 [Worker-24] INFO  o.e.m.c.i.e.AbstractTransferListenerAdapter - Downloading http://repo.maven.apache.org/maven2/ch/qos/logback/logback-parent/1.0.13/logback-parent-1.0.13.pom
2015-06-16 14:49:15,964 [Worker-24] INFO  o.e.m.c.i.e.AbstractTransferListenerAdapter - Downloaded http://repo.maven.apache.org/maven2/ch/qos/logback/logback-parent/1.0.13/logback-parent-1.0.13.pom
2015-06-16 14:49:16,038 [Worker-24] INFO  o.e.m.c.i.e.AbstractTransferListenerAdapter - Downloaded http://clojars.org/repo/ch/qos/logback/logback-core/1.0.13/logback-core-1.0.13.pom
2015-06-16 14:49:16,073 [Worker-24] INFO  o.e.m.c.i.e.AbstractTransferListenerAdapter - Downloading http://repo.maven.apache.org/maven2/ch/qos/logback/logback-core/1.0.13/logback-core-1.0.13.pom
2015-06-16 14:49:16,144 [Worker-24] INFO  o.e.m.c.i.e.AbstractTransferListenerAdapter - Downloaded http://repo.maven.apache.org/maven2/ch/qos/logback/logback-core/1.0.13/logback-core-1.0.13.pom
2015-06-16 14:49:16,281 [Worker-24] INFO  o.e.m.c.i.e.AbstractTransferListenerAdapter - Downloaded http://clojars.org/repo/org/slf4j/log4j-over-slf4j/1.6.6/log4j-over-slf4j-1.6.6.pom
2015-06-16 14:49:16,318 [Worker-24] INFO  o.e.m.c.i.e.AbstractTransferListenerAdapter - Downloading http://repo.maven.apache.org/maven2/org/slf4j/log4j-over-slf4j/1.6.6/log4j-over-slf4j-1.6.6.pom
2015-06-16 14:49:16,386 [Worker-24] INFO  o.e.m.c.i.e.AbstractTransferListenerAdapter - Downloaded http://repo.maven.apache.org/maven2/org/slf4j/log4j-over-slf4j/1.6.6/log4j-over-slf4j-1.6.6.pom
2015-06-16 14:49:16,458 [Worker-24] INFO  o.e.m.c.i.e.AbstractTransferListenerAdapter - Downloaded http://clojars.org/repo/org/slf4j/slf4j-parent/1.6.6/slf4j-parent-1.6.6.pom
2015-06-16 14:49:16,497 [Worker-24] INFO  o.e.m.c.i.e.AbstractTransferListenerAdapter - Downloading http://repo.maven.apache.org/maven2/org/slf4j/slf4j-parent/1.6.6/slf4j-parent-1.6.6.pom
2015-06-16 14:49:16,573 [Worker-24] INFO  o.e.m.c.i.e.AbstractTransferListenerAdapter - Downloaded http://repo.maven.apache.org/maven2/org/slf4j/slf4j-parent/1.6.6/slf4j-parent-1.6.6.pom
2015-06-16 14:49:16,650 [Worker-24] INFO  o.e.m.c.i.e.AbstractTransferListenerAdapter - Downloaded http://clojars.org/repo/org/slf4j/slf4j-api/1.6.6/slf4j-api-1.6.6.pom
2015-06-16 14:49:16,689 [Worker-24] INFO  o.e.m.c.i.e.AbstractTransferListenerAdapter - Downloading http://repo.maven.apache.org/maven2/org/slf4j/slf4j-api/1.6.6/slf4j-api-1.6.6.pom
2015-06-16 14:49:16,773 [Worker-24] INFO  o.e.m.c.i.e.AbstractTransferListenerAdapter - Downloaded http://repo.maven.apache.org/maven2/org/slf4j/slf4j-api/1.6.6/slf4j-api-1.6.6.pom
2015-06-16 14:49:16,872 [Worker-24] INFO  o.e.m.c.i.e.AbstractTransferListenerAdapter - Downloaded http://clojars.org/repo/jline/jline/2.11/jline-2.11.pom
2015-06-16 14:49:16,926 [Worker-24] INFO  o.e.m.c.i.e.AbstractTransferListenerAdapter - Downloading http://repo.maven.apache.org/maven2/jline/jline/2.11/jline-2.11.pom
2015-06-16 14:49:17,000 [Worker-24] INFO  o.e.m.c.i.e.AbstractTransferListenerAdapter - Downloaded http://repo.maven.apache.org/maven2/jline/jline/2.11/jline-2.11.pom
2015-06-16 14:49:17,109 [Worker-24] INFO  o.e.m.c.i.e.AbstractTransferListenerAdapter - Downloaded http://clojars.org/repo/org/apache/storm/storm-core/0.9.5/storm-core-0.9.5.jar
2015-06-16 14:49:17,181 [Worker-24] INFO  o.e.m.c.i.e.AbstractTransferListenerAdapter - Downloaded http://clojars.org/repo/org/clojure/clojure/1.5.1/clojure-1.5.1.jar
2015-06-16 14:49:17,249 [Worker-24] INFO  o.e.m.c.i.e.AbstractTransferListenerAdapter - Downloading http://clojars.org/repo/clj-time/clj-time/0.4.1/clj-time-0.4.1.jar
2015-06-16 14:49:17,362 [Worker-24] INFO  o.e.m.c.i.e.AbstractTransferListenerAdapter - Downloaded http://clojars.org/repo/clj-time/clj-time/0.4.1/clj-time-0.4.1.jar
2015-06-16 14:49:17,395 [Worker-24] INFO  o.e.m.c.i.e.AbstractTransferListenerAdapter - Downloaded http://clojars.org/repo/joda-time/joda-time/2.0/joda-time-2.0.jar
2015-06-16 14:49:17,464 [Worker-24] INFO  o.e.m.c.i.e.AbstractTransferListenerAdapter - Downloading http://clojars.org/repo/compojure/compojure/1.1.3/compojure-1.1.3.jar
2015-06-16 14:49:17,533 [Worker-24] INFO  o.e.m.c.i.e.AbstractTransferListenerAdapter - Downloaded http://clojars.org/repo/compojure/compojure/1.1.3/compojure-1.1.3.jar
2015-06-16 14:49:17,565 [Worker-24] INFO  o.e.m.c.i.e.AbstractTransferListenerAdapter - Downloaded http://clojars.org/repo/org/clojure/core.incubator/0.1.0/core.incubator-0.1.0.jar
2015-06-16 14:49:17,634 [Worker-24] INFO  o.e.m.c.i.e.AbstractTransferListenerAdapter - Downloaded http://clojars.org/repo/org/clojure/tools.macro/0.1.0/tools.macro-0.1.0.jar
2015-06-16 14:49:17,702 [Worker-24] INFO  o.e.m.c.i.e.AbstractTransferListenerAdapter - Downloading http://clojars.org/repo/clout/clout/1.0.1/clout-1.0.1.jar
2015-06-16 14:49:17,771 [Worker-24] INFO  o.e.m.c.i.e.AbstractTransferListenerAdapter - Downloaded http://clojars.org/repo/clout/clout/1.0.1/clout-1.0.1.jar
2015-06-16 14:49:17,803 [Worker-24] INFO  o.e.m.c.i.e.AbstractTransferListenerAdapter - Downloading http://clojars.org/repo/ring/ring-core/1.1.5/ring-core-1.1.5.jar
2015-06-16 14:49:17,900 [Worker-24] INFO  o.e.m.c.i.e.AbstractTransferListenerAdapter - Downloaded http://clojars.org/repo/ring/ring-core/1.1.5/ring-core-1.1.5.jar
2015-06-16 14:49:17,935 [Worker-24] INFO  o.e.m.c.i.e.AbstractTransferListenerAdapter - Downloaded http://clojars.org/repo/commons-fileupload/commons-fileupload/1.2.1/commons-fileupload-1.2.1.jar
2015-06-16 14:49:18,005 [Worker-24] INFO  o.e.m.c.i.e.AbstractTransferListenerAdapter - Downloading http://clojars.org/repo/hiccup/hiccup/0.3.6/hiccup-0.3.6.jar
2015-06-16 14:49:18,077 [Worker-24] INFO  o.e.m.c.i.e.AbstractTransferListenerAdapter - Downloaded http://clojars.org/repo/hiccup/hiccup/0.3.6/hiccup-0.3.6.jar
2015-06-16 14:49:18,110 [Worker-24] INFO  o.e.m.c.i.e.AbstractTransferListenerAdapter - Downloading http://clojars.org/repo/ring/ring-devel/0.3.11/ring-devel-0.3.11.jar
2015-06-16 14:49:18,181 [Worker-24] INFO  o.e.m.c.i.e.AbstractTransferListenerAdapter - Downloaded http://clojars.org/repo/ring/ring-devel/0.3.11/ring-devel-0.3.11.jar
2015-06-16 14:49:18,214 [Worker-24] INFO  o.e.m.c.i.e.AbstractTransferListenerAdapter - Downloading http://clojars.org/repo/clj-stacktrace/clj-stacktrace/0.2.2/clj-stacktrace-0.2.2.jar
2015-06-16 14:49:18,285 [Worker-24] INFO  o.e.m.c.i.e.AbstractTransferListenerAdapter - Downloaded http://clojars.org/repo/clj-stacktrace/clj-stacktrace/0.2.2/clj-stacktrace-0.2.2.jar
2015-06-16 14:49:18,319 [Worker-24] INFO  o.e.m.c.i.e.AbstractTransferListenerAdapter - Downloading http://clojars.org/repo/ring/ring-jetty-adapter/0.3.11/ring-jetty-adapter-0.3.11.jar
2015-06-16 14:49:18,389 [Worker-24] INFO  o.e.m.c.i.e.AbstractTransferListenerAdapter - Downloaded http://clojars.org/repo/ring/ring-jetty-adapter/0.3.11/ring-jetty-adapter-0.3.11.jar
2015-06-16 14:49:18,422 [Worker-24] INFO  o.e.m.c.i.e.AbstractTransferListenerAdapter - Downloading http://clojars.org/repo/ring/ring-servlet/0.3.11/ring-servlet-0.3.11.jar
2015-06-16 14:49:18,493 [Worker-24] INFO  o.e.m.c.i.e.AbstractTransferListenerAdapter - Downloaded http://clojars.org/repo/ring/ring-servlet/0.3.11/ring-servlet-0.3.11.jar
2015-06-16 14:49:18,527 [Worker-24] INFO  o.e.m.c.i.e.AbstractTransferListenerAdapter - Downloaded http://clojars.org/repo/org/clojure/tools.logging/0.2.3/tools.logging-0.2.3.jar
2015-06-16 14:49:18,592 [Worker-24] INFO  o.e.m.c.i.e.AbstractTransferListenerAdapter - Downloaded http://clojars.org/repo/org/clojure/math.numeric-tower/0.0.1/math.numeric-tower-0.0.1.jar
2015-06-16 14:49:18,662 [Worker-24] INFO  o.e.m.c.i.e.AbstractTransferListenerAdapter - Downloaded http://clojars.org/repo/org/clojure/tools.cli/0.2.4/tools.cli-0.2.4.jar
2015-06-16 14:49:18,731 [Worker-24] INFO  o.e.m.c.i.e.AbstractTransferListenerAdapter - Downloaded http://clojars.org/repo/commons-lang/commons-lang/2.5/commons-lang-2.5.jar
2015-06-16 14:49:18,798 [Worker-24] INFO  o.e.m.c.i.e.AbstractTransferListenerAdapter - Downloaded http://clojars.org/repo/com/googlecode/json-simple/json-simple/1.1/json-simple-1.1.jar
2015-06-16 14:49:18,870 [Worker-24] INFO  o.e.m.c.i.e.AbstractTransferListenerAdapter - Downloading http://clojars.org/repo/com/twitter/carbonite/1.4.0/carbonite-1.4.0.jar
2015-06-16 14:49:18,986 [Worker-24] INFO  o.e.m.c.i.e.AbstractTransferListenerAdapter - Downloaded http://clojars.org/repo/com/twitter/carbonite/1.4.0/carbonite-1.4.0.jar
2015-06-16 14:49:19,020 [Worker-24] INFO  o.e.m.c.i.e.AbstractTransferListenerAdapter - Downloaded http://clojars.org/repo/com/esotericsoftware/kryo/kryo/2.21/kryo-2.21.jar
2015-06-16 14:49:19,089 [Worker-24] INFO  o.e.m.c.i.e.AbstractTransferListenerAdapter - Downloaded http://clojars.org/repo/com/esotericsoftware/reflectasm/reflectasm/1.07/reflectasm-1.07-shaded.jar
2015-06-16 14:49:19,157 [Worker-24] INFO  o.e.m.c.i.e.AbstractTransferListenerAdapter - Downloaded http://clojars.org/repo/org/ow2/asm/asm/4.0/asm-4.0.jar
2015-06-16 14:49:19,226 [Worker-24] INFO  o.e.m.c.i.e.AbstractTransferListenerAdapter - Downloaded http://clojars.org/repo/com/esotericsoftware/minlog/minlog/1.2/minlog-1.2.jar
2015-06-16 14:49:19,294 [Worker-24] INFO  o.e.m.c.i.e.AbstractTransferListenerAdapter - Downloaded http://clojars.org/repo/org/objenesis/objenesis/1.2/objenesis-1.2.jar
2015-06-16 14:49:19,366 [Worker-24] INFO  o.e.m.c.i.e.AbstractTransferListenerAdapter - Downloaded http://clojars.org/repo/com/twitter/chill-java/0.3.5/chill-java-0.3.5.jar
2015-06-16 14:49:19,435 [Worker-24] INFO  o.e.m.c.i.e.AbstractTransferListenerAdapter - Downloaded http://clojars.org/repo/org/yaml/snakeyaml/1.11/snakeyaml-1.11.jar
2015-06-16 14:49:19,503 [Worker-24] INFO  o.e.m.c.i.e.AbstractTransferListenerAdapter - Downloaded http://clojars.org/repo/commons-codec/commons-codec/1.6/commons-codec-1.6.jar
2015-06-16 14:49:19,575 [Worker-24] INFO  o.e.m.c.i.e.AbstractTransferListenerAdapter - Downloaded http://clojars.org/repo/com/googlecode/disruptor/disruptor/2.10.1/disruptor-2.10.1.jar
2015-06-16 14:49:19,644 [Worker-24] INFO  o.e.m.c.i.e.AbstractTransferListenerAdapter - Downloaded http://clojars.org/repo/org/jgrapht/jgrapht-core/0.9.0/jgrapht-core-0.9.0.jar
2015-06-16 14:49:19,716 [Worker-24] INFO  o.e.m.c.i.e.AbstractTransferListenerAdapter - Downloaded http://clojars.org/repo/ch/qos/logback/logback-classic/1.0.13/logback-classic-1.0.13.jar
2015-06-16 14:49:19,784 [Worker-24] INFO  o.e.m.c.i.e.AbstractTransferListenerAdapter - Downloaded http://clojars.org/repo/ch/qos/logback/logback-core/1.0.13/logback-core-1.0.13.jar
2015-06-16 14:49:19,859 [Worker-24] INFO  o.e.m.c.i.e.AbstractTransferListenerAdapter - Downloaded http://clojars.org/repo/org/slf4j/log4j-over-slf4j/1.6.6/log4j-over-slf4j-1.6.6.jar
2015-06-16 14:49:19,955 [Worker-24] INFO  o.e.m.c.i.e.AbstractTransferListenerAdapter - Downloaded http://clojars.org/repo/jline/jline/2.11/jline-2.11.jar
2015-06-16 14:49:21,899 [Worker-24] INFO  o.e.m.c.i.e.AbstractTransferListenerAdapter - Downloading http://repo.maven.apache.org/maven2/org/apache/storm/storm-core/0.9.5/storm-core-0.9.5.jar
2015-06-16 14:49:23,907 [Worker-24] INFO  o.e.m.c.i.e.AbstractTransferListenerAdapter - Downloaded http://repo.maven.apache.org/maven2/org/apache/storm/storm-core/0.9.5/storm-core-0.9.5.jar
2015-06-16 14:49:24,004 [Worker-24] INFO  o.e.m.c.i.e.AbstractTransferListenerAdapter - Downloading http://repo.maven.apache.org/maven2/org/clojure/clojure/1.5.1/clojure-1.5.1.jar
2015-06-16 14:49:24,627 [Worker-24] INFO  o.e.m.c.i.e.AbstractTransferListenerAdapter - Downloaded http://repo.maven.apache.org/maven2/org/clojure/clojure/1.5.1/clojure-1.5.1.jar
2015-06-16 14:49:24,677 [Worker-24] INFO  o.e.m.c.i.e.AbstractTransferListenerAdapter - Downloading http://repo.maven.apache.org/maven2/joda-time/joda-time/2.0/joda-time-2.0.jar
2015-06-16 14:49:24,820 [Worker-24] INFO  o.e.m.c.i.e.AbstractTransferListenerAdapter - Downloaded http://repo.maven.apache.org/maven2/joda-time/joda-time/2.0/joda-time-2.0.jar
2015-06-16 14:49:24,854 [Worker-24] INFO  o.e.m.c.i.e.AbstractTransferListenerAdapter - Downloading http://repo.maven.apache.org/maven2/org/clojure/core.incubator/0.1.0/core.incubator-0.1.0.jar
2015-06-16 14:49:24,927 [Worker-24] INFO  o.e.m.c.i.e.AbstractTransferListenerAdapter - Downloaded http://repo.maven.apache.org/maven2/org/clojure/core.incubator/0.1.0/core.incubator-0.1.0.jar
2015-06-16 14:49:24,963 [Worker-24] INFO  o.e.m.c.i.e.AbstractTransferListenerAdapter - Downloading http://repo.maven.apache.org/maven2/org/clojure/tools.macro/0.1.0/tools.macro-0.1.0.jar
2015-06-16 14:49:25,037 [Worker-24] INFO  o.e.m.c.i.e.AbstractTransferListenerAdapter - Downloaded http://repo.maven.apache.org/maven2/org/clojure/tools.macro/0.1.0/tools.macro-0.1.0.jar
2015-06-16 14:49:25,074 [Worker-24] INFO  o.e.m.c.i.e.AbstractTransferListenerAdapter - Downloading http://repo.maven.apache.org/maven2/commons-fileupload/commons-fileupload/1.2.1/commons-fileupload-1.2.1.jar
2015-06-16 14:49:25,152 [Worker-24] INFO  o.e.m.c.i.e.AbstractTransferListenerAdapter - Downloaded http://repo.maven.apache.org/maven2/commons-fileupload/commons-fileupload/1.2.1/commons-fileupload-1.2.1.jar
2015-06-16 14:49:25,190 [Worker-24] INFO  o.e.m.c.i.e.AbstractTransferListenerAdapter - Downloading http://repo.maven.apache.org/maven2/org/clojure/tools.logging/0.2.3/tools.logging-0.2.3.jar
2015-06-16 14:49:25,263 [Worker-24] INFO  o.e.m.c.i.e.AbstractTransferListenerAdapter - Downloaded http://repo.maven.apache.org/maven2/org/clojure/tools.logging/0.2.3/tools.logging-0.2.3.jar
2015-06-16 14:49:25,298 [Worker-24] INFO  o.e.m.c.i.e.AbstractTransferListenerAdapter - Downloading http://repo.maven.apache.org/maven2/org/clojure/math.numeric-tower/0.0.1/math.numeric-tower-0.0.1.jar
2015-06-16 14:49:25,384 [Worker-24] INFO  o.e.m.c.i.e.AbstractTransferListenerAdapter - Downloaded http://repo.maven.apache.org/maven2/org/clojure/math.numeric-tower/0.0.1/math.numeric-tower-0.0.1.jar
2015-06-16 14:49:25,420 [Worker-24] INFO  o.e.m.c.i.e.AbstractTransferListenerAdapter - Downloading http://repo.maven.apache.org/maven2/org/clojure/tools.cli/0.2.4/tools.cli-0.2.4.jar
2015-06-16 14:49:25,494 [Worker-24] INFO  o.e.m.c.i.e.AbstractTransferListenerAdapter - Downloaded http://repo.maven.apache.org/maven2/org/clojure/tools.cli/0.2.4/tools.cli-0.2.4.jar
2015-06-16 14:49:25,532 [Worker-24] INFO  o.e.m.c.i.e.AbstractTransferListenerAdapter - Downloading http://repo.maven.apache.org/maven2/commons-lang/commons-lang/2.5/commons-lang-2.5.jar
2015-06-16 14:49:25,635 [Worker-24] INFO  o.e.m.c.i.e.AbstractTransferListenerAdapter - Downloaded http://repo.maven.apache.org/maven2/commons-lang/commons-lang/2.5/commons-lang-2.5.jar
2015-06-16 14:49:25,671 [Worker-24] INFO  o.e.m.c.i.e.AbstractTransferListenerAdapter - Downloading http://repo.maven.apache.org/maven2/com/googlecode/json-simple/json-simple/1.1/json-simple-1.1.jar
2015-06-16 14:49:25,743 [Worker-24] INFO  o.e.m.c.i.e.AbstractTransferListenerAdapter - Downloaded http://repo.maven.apache.org/maven2/com/googlecode/json-simple/json-simple/1.1/json-simple-1.1.jar
2015-06-16 14:49:25,783 [Worker-24] INFO  o.e.m.c.i.e.AbstractTransferListenerAdapter - Downloading http://repo.maven.apache.org/maven2/com/esotericsoftware/kryo/kryo/2.21/kryo-2.21.jar
2015-06-16 14:49:25,912 [Worker-24] INFO  o.e.m.c.i.e.AbstractTransferListenerAdapter - Downloaded http://repo.maven.apache.org/maven2/com/esotericsoftware/kryo/kryo/2.21/kryo-2.21.jar
2015-06-16 14:49:25,945 [Worker-24] INFO  o.e.m.c.i.e.AbstractTransferListenerAdapter - Downloading http://repo.maven.apache.org/maven2/com/esotericsoftware/reflectasm/reflectasm/1.07/reflectasm-1.07-shaded.jar
2015-06-16 14:49:26,029 [Worker-24] INFO  o.e.m.c.i.e.AbstractTransferListenerAdapter - Downloaded http://repo.maven.apache.org/maven2/com/esotericsoftware/reflectasm/reflectasm/1.07/reflectasm-1.07-shaded.jar
2015-06-16 14:49:26,077 [Worker-24] INFO  o.e.m.c.i.e.AbstractTransferListenerAdapter - Downloading http://repo.maven.apache.org/maven2/org/ow2/asm/asm/4.0/asm-4.0.jar
2015-06-16 14:49:26,160 [Worker-24] INFO  o.e.m.c.i.e.AbstractTransferListenerAdapter - Downloaded http://repo.maven.apache.org/maven2/org/ow2/asm/asm/4.0/asm-4.0.jar
2015-06-16 14:49:26,194 [Worker-24] INFO  o.e.m.c.i.e.AbstractTransferListenerAdapter - Downloading http://repo.maven.apache.org/maven2/com/esotericsoftware/minlog/minlog/1.2/minlog-1.2.jar
2015-06-16 14:49:26,267 [Worker-24] INFO  o.e.m.c.i.e.AbstractTransferListenerAdapter - Downloaded http://repo.maven.apache.org/maven2/com/esotericsoftware/minlog/minlog/1.2/minlog-1.2.jar
2015-06-16 14:49:26,300 [Worker-24] INFO  o.e.m.c.i.e.AbstractTransferListenerAdapter - Downloading http://repo.maven.apache.org/maven2/org/objenesis/objenesis/1.2/objenesis-1.2.jar
2015-06-16 14:49:26,382 [Worker-24] INFO  o.e.m.c.i.e.AbstractTransferListenerAdapter - Downloaded http://repo.maven.apache.org/maven2/org/objenesis/objenesis/1.2/objenesis-1.2.jar
2015-06-16 14:49:26,422 [Worker-24] INFO  o.e.m.c.i.e.AbstractTransferListenerAdapter - Downloading http://repo.maven.apache.org/maven2/com/twitter/chill-java/0.3.5/chill-java-0.3.5.jar
2015-06-16 14:49:26,499 [Worker-24] INFO  o.e.m.c.i.e.AbstractTransferListenerAdapter - Downloaded http://repo.maven.apache.org/maven2/com/twitter/chill-java/0.3.5/chill-java-0.3.5.jar
2015-06-16 14:49:26,533 [Worker-24] INFO  o.e.m.c.i.e.AbstractTransferListenerAdapter - Downloading http://repo.maven.apache.org/maven2/org/yaml/snakeyaml/1.11/snakeyaml-1.11.jar
2015-06-16 14:49:26,649 [Worker-24] INFO  o.e.m.c.i.e.AbstractTransferListenerAdapter - Downloaded http://repo.maven.apache.org/maven2/org/yaml/snakeyaml/1.11/snakeyaml-1.11.jar
2015-06-16 14:49:26,682 [Worker-24] INFO  o.e.m.c.i.e.AbstractTransferListenerAdapter - Downloading http://repo.maven.apache.org/maven2/commons-codec/commons-codec/1.6/commons-codec-1.6.jar
2015-06-16 14:49:26,780 [Worker-24] INFO  o.e.m.c.i.e.AbstractTransferListenerAdapter - Downloaded http://repo.maven.apache.org/maven2/commons-codec/commons-codec/1.6/commons-codec-1.6.jar
2015-06-16 14:49:26,817 [Worker-24] INFO  o.e.m.c.i.e.AbstractTransferListenerAdapter - Downloading http://repo.maven.apache.org/maven2/com/googlecode/disruptor/disruptor/2.10.1/disruptor-2.10.1.jar
2015-06-16 14:49:26,898 [Worker-24] INFO  o.e.m.c.i.e.AbstractTransferListenerAdapter - Downloaded http://repo.maven.apache.org/maven2/com/googlecode/disruptor/disruptor/2.10.1/disruptor-2.10.1.jar
2015-06-16 14:49:26,941 [Worker-24] INFO  o.e.m.c.i.e.AbstractTransferListenerAdapter - Downloading http://repo.maven.apache.org/maven2/org/jgrapht/jgrapht-core/0.9.0/jgrapht-core-0.9.0.jar
2015-06-16 14:49:27,247 [Worker-24] INFO  o.e.m.c.i.e.AbstractTransferListenerAdapter - Downloaded http://repo.maven.apache.org/maven2/org/jgrapht/jgrapht-core/0.9.0/jgrapht-core-0.9.0.jar
2015-06-16 14:49:27,277 [Worker-24] INFO  o.e.m.c.i.e.AbstractTransferListenerAdapter - Downloading http://repo.maven.apache.org/maven2/ch/qos/logback/logback-classic/1.0.13/logback-classic-1.0.13.jar
2015-06-16 14:49:27,378 [Worker-24] INFO  o.e.m.c.i.e.AbstractTransferListenerAdapter - Downloaded http://repo.maven.apache.org/maven2/ch/qos/logback/logback-classic/1.0.13/logback-classic-1.0.13.jar
2015-06-16 14:49:27,412 [Worker-24] INFO  o.e.m.c.i.e.AbstractTransferListenerAdapter - Downloading http://repo.maven.apache.org/maven2/ch/qos/logback/logback-core/1.0.13/logback-core-1.0.13.jar
2015-06-16 14:49:27,532 [Worker-24] INFO  o.e.m.c.i.e.AbstractTransferListenerAdapter - Downloaded http://repo.maven.apache.org/maven2/ch/qos/logback/logback-core/1.0.13/logback-core-1.0.13.jar
2015-06-16 14:49:27,567 [Worker-24] INFO  o.e.m.c.i.e.AbstractTransferListenerAdapter - Downloading http://repo.maven.apache.org/maven2/org/slf4j/log4j-over-slf4j/1.6.6/log4j-over-slf4j-1.6.6.jar
2015-06-16 14:49:27,644 [Worker-24] INFO  o.e.m.c.i.e.AbstractTransferListenerAdapter - Downloaded http://repo.maven.apache.org/maven2/org/slf4j/log4j-over-slf4j/1.6.6/log4j-over-slf4j-1.6.6.jar
2015-06-16 14:49:27,698 [Worker-24] INFO  o.e.m.c.i.e.AbstractTransferListenerAdapter - Downloading http://repo.maven.apache.org/maven2/jline/jline/2.11/jline-2.11.jar
2015-06-16 14:49:27,792 [Worker-24] INFO  o.e.m.c.i.e.AbstractTransferListenerAdapter - Downloaded http://repo.maven.apache.org/maven2/jline/jline/2.11/jline-2.11.jar
2015-06-16 14:49:28,992 [Worker-24] INFO  o.e.m.c.i.embedder.EclipseLogger - Using 'UTF-8' encoding to copy filtered resources.
2015-06-16 14:49:28,992 [Worker-24] INFO  o.e.m.c.i.embedder.EclipseLogger - skip non existing resourceDirectory /Users/njvijay/big_data/storm_program/learning/storm-example/src/main/resources
2015-06-16 14:49:28,993 [Worker-24] INFO  o.e.m.c.i.embedder.EclipseLogger - Using 'UTF-8' encoding to copy filtered resources.
2015-06-16 14:49:28,993 [Worker-24] INFO  o.e.m.c.i.embedder.EclipseLogger - skip non existing resourceDirectory /Users/njvijay/big_data/storm_program/learning/storm-example/src/test/resources
2015-06-16 14:49:30,864 [Worker-27] INFO  o.e.m.c.i.l.LifecycleMappingFactory - Using org.eclipse.m2e.jdt.JarLifecycleMapping lifecycle mapping for MavenProject: com.data2o.learningstorm:storm-example:0.0.1-SNAPSHOT @ /Users/njvijay/big_data/storm_program/learning/storm-example/pom.xml.
2015-06-16 14:49:31,022 [Worker-27] INFO  o.e.m.c.i.e.AbstractTransferListenerAdapter - Downloaded http://repo.maven.apache.org/maven2/clj-time/clj-time/0.4.1/clj-time-0.4.1.pom
2015-06-16 14:49:37,770 [Worker-27] INFO  o.e.m.c.i.e.AbstractTransferListenerAdapter - Downloaded https://oss.sonatype.org/content/repositories/snapshots/org/clojure/clojure/1.3.0/clojure-1.3.0.pom
2015-06-16 14:49:37,874 [Worker-27] INFO  o.e.m.c.i.e.AbstractTransferListenerAdapter - Downloaded http://repo.maven.apache.org/maven2/compojure/compojure/1.1.3/compojure-1.1.3.pom
2015-06-16 14:49:38,500 [Worker-27] INFO  o.e.m.c.i.e.AbstractTransferListenerAdapter - Downloaded http://repo.maven.apache.org/maven2/clout/clout/1.0.1/clout-1.0.1.pom
2015-06-16 14:49:38,828 [Worker-27] INFO  o.e.m.c.i.e.AbstractTransferListenerAdapter - Downloaded http://repo.maven.apache.org/maven2/ring/ring-core/1.1.5/ring-core-1.1.5.pom
2015-06-16 14:49:39,199 [Worker-27] INFO  o.e.m.c.i.e.AbstractTransferListenerAdapter - Downloaded http://repo.maven.apache.org/maven2/clj-time/clj-time/0.3.7/clj-time-0.3.7.pom
2015-06-16 14:49:39,493 [Worker-27] INFO  o.e.m.c.i.e.AbstractTransferListenerAdapter - Downloaded http://repo.maven.apache.org/maven2/hiccup/hiccup/0.3.6/hiccup-0.3.6.pom
2015-06-16 14:49:40,232 [Worker-27] INFO  o.e.m.c.i.e.AbstractTransferListenerAdapter - Downloaded http://build.clojure.org/snapshots/org/clojure/clojure/1.2.0/clojure-1.2.0.pom
2015-06-16 14:49:40,312 [Worker-27] INFO  o.e.m.c.i.e.AbstractTransferListenerAdapter - Downloaded http://repo.maven.apache.org/maven2/ring/ring-devel/0.3.11/ring-devel-0.3.11.pom
2015-06-16 14:49:40,608 [Worker-27] INFO  o.e.m.c.i.e.AbstractTransferListenerAdapter - Downloaded http://repo.maven.apache.org/maven2/ring/ring-core/0.3.11/ring-core-0.3.11.pom
2015-06-16 14:49:40,904 [Worker-27] INFO  o.e.m.c.i.e.AbstractTransferListenerAdapter - Downloaded http://repo.maven.apache.org/maven2/clj-stacktrace/clj-stacktrace/0.2.2/clj-stacktrace-0.2.2.pom
2015-06-16 14:49:41,215 [Worker-27] INFO  o.e.m.c.i.e.AbstractTransferListenerAdapter - Downloaded http://repo.maven.apache.org/maven2/ring/ring-jetty-adapter/0.3.11/ring-jetty-adapter-0.3.11.pom
2015-06-16 14:49:41,531 [Worker-27] INFO  o.e.m.c.i.e.AbstractTransferListenerAdapter - Downloaded http://repo.maven.apache.org/maven2/ring/ring-servlet/0.3.11/ring-servlet-0.3.11.pom
2015-06-16 14:49:42,189 [Worker-27] INFO  o.e.m.c.i.e.AbstractTransferListenerAdapter - Downloaded http://repo.maven.apache.org/maven2/com/twitter/carbonite/1.4.0/carbonite-1.4.0.pom
2015-06-16 14:49:42,572 [Worker-27] INFO  o.e.m.c.i.e.AbstractTransferListenerAdapter - Downloaded http://repo.maven.apache.org/maven2/clj-time/clj-time/0.4.1/clj-time-0.4.1.jar
2015-06-16 14:49:42,746 [Worker-27] INFO  o.e.m.c.i.e.AbstractTransferListenerAdapter - Downloaded http://repo.maven.apache.org/maven2/compojure/compojure/1.1.3/compojure-1.1.3.jar
2015-06-16 14:49:42,859 [Worker-27] INFO  o.e.m.c.i.e.AbstractTransferListenerAdapter - Downloaded http://repo.maven.apache.org/maven2/clout/clout/1.0.1/clout-1.0.1.jar
2015-06-16 14:49:42,936 [Worker-27] INFO  o.e.m.c.i.e.AbstractTransferListenerAdapter - Downloaded http://repo.maven.apache.org/maven2/ring/ring-core/1.1.5/ring-core-1.1.5.jar
2015-06-16 14:49:43,040 [Worker-27] INFO  o.e.m.c.i.e.AbstractTransferListenerAdapter - Downloaded http://repo.maven.apache.org/maven2/hiccup/hiccup/0.3.6/hiccup-0.3.6.jar
2015-06-16 14:49:43,114 [Worker-27] INFO  o.e.m.c.i.e.AbstractTransferListenerAdapter - Downloaded http://repo.maven.apache.org/maven2/ring/ring-devel/0.3.11/ring-devel-0.3.11.jar
2015-06-16 14:49:43,187 [Worker-27] INFO  o.e.m.c.i.e.AbstractTransferListenerAdapter - Downloaded http://repo.maven.apache.org/maven2/clj-stacktrace/clj-stacktrace/0.2.2/clj-stacktrace-0.2.2.jar
2015-06-16 14:49:43,260 [Worker-27] INFO  o.e.m.c.i.e.AbstractTransferListenerAdapter - Downloaded http://repo.maven.apache.org/maven2/ring/ring-jetty-adapter/0.3.11/ring-jetty-adapter-0.3.11.jar
2015-06-16 14:49:43,333 [Worker-27] INFO  o.e.m.c.i.e.AbstractTransferListenerAdapter - Downloaded http://repo.maven.apache.org/maven2/ring/ring-servlet/0.3.11/ring-servlet-0.3.11.jar
2015-06-16 14:49:43,407 [Worker-27] INFO  o.e.m.c.i.e.AbstractTransferListenerAdapter - Downloaded http://repo.maven.apache.org/maven2/com/twitter/carbonite/1.4.0/carbonite-1.4.0.jar
2015-06-16 14:49:44,252 [Worker-27] INFO  o.e.m.c.i.embedder.EclipseLogger - Using 'UTF-8' encoding to copy filtered resources.
2015-06-16 14:49:44,252 [Worker-27] INFO  o.e.m.c.i.embedder.EclipseLogger - skip non existing resourceDirectory /Users/njvijay/big_data/storm_program/learning/storm-example/src/main/resources
2015-06-16 14:49:44,253 [Worker-27] INFO  o.e.m.c.i.embedder.EclipseLogger - Using 'UTF-8' encoding to copy filtered resources.
2015-06-16 14:49:44,253 [Worker-27] INFO  o.e.m.c.i.embedder.EclipseLogger - skip non existing resourceDirectory /Users/njvijay/big_data/storm_program/learning/storm-example/src/test/resources
2015-06-16 14:51:14,729 [Worker-24] INFO  o.e.m.c.i.embedder.EclipseLogger - Using 'UTF-8' encoding to copy filtered resources.
2015-06-16 14:51:14,749 [Worker-24] INFO  o.e.m.c.i.embedder.EclipseLogger - skip non existing resourceDirectory /Users/njvijay/big_data/storm_program/learning/storm-example/src/main/resources
2015-06-16 14:51:14,752 [Worker-24] INFO  o.e.m.c.i.embedder.EclipseLogger - Using 'UTF-8' encoding to copy filtered resources.
2015-06-16 14:51:14,752 [Worker-24] INFO  o.e.m.c.i.embedder.EclipseLogger - skip non existing resourceDirectory /Users/njvijay/big_data/storm_program/learning/storm-example/src/test/resources
2015-06-16 14:54:21,530 [Worker-29] INFO  o.e.m.c.i.embedder.EclipseLogger - Using 'UTF-8' encoding to copy filtered resources.
2015-06-16 14:54:21,549 [Worker-29] INFO  o.e.m.c.i.embedder.EclipseLogger - skip non existing resourceDirectory /Users/njvijay/big_data/storm_program/learning/storm-example/src/main/resources
2015-06-16 14:54:21,550 [Worker-29] INFO  o.e.m.c.i.embedder.EclipseLogger - Using 'UTF-8' encoding to copy filtered resources.
2015-06-16 14:54:21,550 [Worker-29] INFO  o.e.m.c.i.embedder.EclipseLogger - skip non existing resourceDirectory /Users/njvijay/big_data/storm_program/learning/storm-example/src/test/resources
2015-06-16 14:58:25,778 [Worker-25] INFO  o.e.m.c.i.l.LifecycleMappingFactory - Using org.eclipse.m2e.jdt.JarLifecycleMapping lifecycle mapping for MavenProject: com.data2o.learningstorm:storm-example:0.0.1-SNAPSHOT @ /Users/njvijay/big_data/storm_program/learning/storm-example/pom.xml.
2015-06-16 14:58:26,811 [Worker-25] INFO  o.e.m.c.i.embedder.EclipseLogger - Using 'UTF-8' encoding to copy filtered resources.
2015-06-16 14:58:26,811 [Worker-25] INFO  o.e.m.c.i.embedder.EclipseLogger - skip non existing resourceDirectory /Users/njvijay/big_data/storm_program/learning/storm-example/src/main/resources
2015-06-16 14:58:26,812 [Worker-25] INFO  o.e.m.c.i.embedder.EclipseLogger - Using 'UTF-8' encoding to copy filtered resources.
2015-06-16 14:58:26,812 [Worker-25] INFO  o.e.m.c.i.embedder.EclipseLogger - skip non existing resourceDirectory /Users/njvijay/big_data/storm_program/learning/storm-example/src/test/resources
2015-06-16 14:58:33,042 [Worker-29] INFO  o.e.m.c.i.embedder.EclipseLogger - Using 'UTF-8' encoding to copy filtered resources.
2015-06-16 14:58:33,042 [Worker-29] INFO  o.e.m.c.i.embedder.EclipseLogger - skip non existing resourceDirectory /Users/njvijay/big_data/storm_program/learning/storm-example/src/main/resources
2015-06-16 14:58:33,043 [Worker-29] INFO  o.e.m.c.i.embedder.EclipseLogger - Using 'UTF-8' encoding to copy filtered resources.
2015-06-16 14:58:33,043 [Worker-29] INFO  o.e.m.c.i.embedder.EclipseLogger - skip non existing resourceDirectory /Users/njvijay/big_data/storm_program/learning/storm-example/src/test/resources
2015-06-16 15:28:24,652 [Worker-37] INFO  o.e.m.c.i.embedder.EclipseLogger - Using 'UTF-8' encoding to copy filtered resources.
2015-06-16 15:28:24,665 [Worker-37] INFO  o.e.m.c.i.embedder.EclipseLogger - skip non existing resourceDirectory /Users/njvijay/big_data/storm_program/learning/storm-example/src/main/resources
2015-06-16 15:28:24,667 [Worker-37] INFO  o.e.m.c.i.embedder.EclipseLogger - Using 'UTF-8' encoding to copy filtered resources.
2015-06-16 15:28:24,667 [Worker-37] INFO  o.e.m.c.i.embedder.EclipseLogger - skip non existing resourceDirectory /Users/njvijay/big_data/storm_program/learning/storm-example/src/test/resources
2015-06-16 15:28:34,809 [Worker-40] INFO  o.e.m.c.i.embedder.EclipseLogger - Using 'UTF-8' encoding to copy filtered resources.
2015-06-16 15:28:34,809 [Worker-40] INFO  o.e.m.c.i.embedder.EclipseLogger - skip non existing resourceDirectory /Users/njvijay/big_data/storm_program/learning/storm-example/src/main/resources
2015-06-16 15:28:34,810 [Worker-40] INFO  o.e.m.c.i.embedder.EclipseLogger - Using 'UTF-8' encoding to copy filtered resources.
2015-06-16 15:28:34,810 [Worker-40] INFO  o.e.m.c.i.embedder.EclipseLogger - skip non existing resourceDirectory /Users/njvijay/big_data/storm_program/learning/storm-example/src/test/resources
2015-06-16 16:13:21,266 [Worker-51] INFO  o.e.m.c.i.embedder.EclipseLogger - Using 'UTF-8' encoding to copy filtered resources.
2015-06-16 16:13:21,290 [Worker-51] INFO  o.e.m.c.i.embedder.EclipseLogger - skip non existing resourceDirectory /Users/njvijay/big_data/storm_program/learning/storm-example/src/main/resources
2015-06-16 16:13:21,292 [Worker-51] INFO  o.e.m.c.i.embedder.EclipseLogger - Using 'UTF-8' encoding to copy filtered resources.
2015-06-16 16:13:21,292 [Worker-51] INFO  o.e.m.c.i.embedder.EclipseLogger - skip non existing resourceDirectory /Users/njvijay/big_data/storm_program/learning/storm-example/src/test/resources
2015-06-16 16:14:09,155 [Worker-57] INFO  o.e.m.c.i.embedder.EclipseLogger - Using 'UTF-8' encoding to copy filtered resources.
2015-06-16 16:14:09,155 [Worker-57] INFO  o.e.m.c.i.embedder.EclipseLogger - skip non existing resourceDirectory /Users/njvijay/big_data/storm_program/learning/storm-example/src/main/resources
2015-06-16 16:14:09,156 [Worker-57] INFO  o.e.m.c.i.embedder.EclipseLogger - Using 'UTF-8' encoding to copy filtered resources.
2015-06-16 16:14:09,156 [Worker-57] INFO  o.e.m.c.i.embedder.EclipseLogger - skip non existing resourceDirectory /Users/njvijay/big_data/storm_program/learning/storm-example/src/test/resources
2015-06-16 16:18:57,982 [Worker-59] INFO  o.e.m.c.i.embedder.EclipseLogger - Using 'UTF-8' encoding to copy filtered resources.
2015-06-16 16:18:57,997 [Worker-59] INFO  o.e.m.c.i.embedder.EclipseLogger - skip non existing resourceDirectory /Users/njvijay/big_data/storm_program/learning/storm-example/src/main/resources
2015-06-16 16:18:57,999 [Worker-59] INFO  o.e.m.c.i.embedder.EclipseLogger - Using 'UTF-8' encoding to copy filtered resources.
2015-06-16 16:18:57,999 [Worker-59] INFO  o.e.m.c.i.embedder.EclipseLogger - skip non existing resourceDirectory /Users/njvijay/big_data/storm_program/learning/storm-example/src/test/resources
2015-06-16 16:20:07,963 [Worker-63] INFO  o.e.m.c.i.embedder.EclipseLogger - Using 'UTF-8' encoding to copy filtered resources.
2015-06-16 16:20:07,963 [Worker-63] INFO  o.e.m.c.i.embedder.EclipseLogger - skip non existing resourceDirectory /Users/njvijay/big_data/storm_program/learning/storm-example/src/main/resources
2015-06-16 16:20:07,964 [Worker-63] INFO  o.e.m.c.i.embedder.EclipseLogger - Using 'UTF-8' encoding to copy filtered resources.
2015-06-16 16:20:07,964 [Worker-63] INFO  o.e.m.c.i.embedder.EclipseLogger - skip non existing resourceDirectory /Users/njvijay/big_data/storm_program/learning/storm-example/src/test/resources
2015-06-16 16:21:11,769 [Worker-62] INFO  o.e.m.c.i.embedder.EclipseLogger - Using 'UTF-8' encoding to copy filtered resources.
2015-06-16 16:21:11,770 [Worker-62] INFO  o.e.m.c.i.embedder.EclipseLogger - skip non existing resourceDirectory /Users/njvijay/big_data/storm_program/learning/storm-example/src/main/resources
2015-06-16 16:21:11,770 [Worker-62] INFO  o.e.m.c.i.embedder.EclipseLogger - Using 'UTF-8' encoding to copy filtered resources.
2015-06-16 16:21:11,771 [Worker-62] INFO  o.e.m.c.i.embedder.EclipseLogger - skip non existing resourceDirectory /Users/njvijay/big_data/storm_program/learning/storm-example/src/test/resources
2015-06-16 16:22:09,939 [Worker-59] INFO  o.e.m.c.i.embedder.EclipseLogger - Using 'UTF-8' encoding to copy filtered resources.
2015-06-16 16:22:09,953 [Worker-59] INFO  o.e.m.c.i.embedder.EclipseLogger - skip non existing resourceDirectory /Users/njvijay/big_data/storm_program/learning/storm-example/src/main/resources
2015-06-16 16:22:09,955 [Worker-59] INFO  o.e.m.c.i.embedder.EclipseLogger - Using 'UTF-8' encoding to copy filtered resources.
2015-06-16 16:22:09,956 [Worker-59] INFO  o.e.m.c.i.embedder.EclipseLogger - skip non existing resourceDirectory /Users/njvijay/big_data/storm_program/learning/storm-example/src/test/resources
2015-06-16 16:22:42,057 [Worker-58] INFO  o.e.m.c.i.embedder.EclipseLogger - Using 'UTF-8' encoding to copy filtered resources.
2015-06-16 16:22:42,057 [Worker-58] INFO  o.e.m.c.i.embedder.EclipseLogger - skip non existing resourceDirectory /Users/njvijay/big_data/storm_program/learning/storm-example/src/main/resources
2015-06-16 16:22:42,058 [Worker-58] INFO  o.e.m.c.i.embedder.EclipseLogger - Using 'UTF-8' encoding to copy filtered resources.
2015-06-16 16:22:42,058 [Worker-58] INFO  o.e.m.c.i.embedder.EclipseLogger - skip non existing resourceDirectory /Users/njvijay/big_data/storm_program/learning/storm-example/src/test/resources
2015-06-16 16:23:29,292 [Worker-64] INFO  o.e.m.c.i.embedder.EclipseLogger - Using 'UTF-8' encoding to copy filtered resources.
2015-06-16 16:23:29,292 [Worker-64] INFO  o.e.m.c.i.embedder.EclipseLogger - skip non existing resourceDirectory /Users/njvijay/big_data/storm_program/learning/storm-example/src/main/resources
2015-06-16 16:23:29,294 [Worker-64] INFO  o.e.m.c.i.embedder.EclipseLogger - Using 'UTF-8' encoding to copy filtered resources.
2015-06-16 16:23:29,294 [Worker-64] INFO  o.e.m.c.i.embedder.EclipseLogger - skip non existing resourceDirectory /Users/njvijay/big_data/storm_program/learning/storm-example/src/test/resources
2015-06-16 16:24:56,636 [Worker-62] INFO  o.e.m.c.i.embedder.EclipseLogger - Using 'UTF-8' encoding to copy filtered resources.
2015-06-16 16:24:56,652 [Worker-62] INFO  o.e.m.c.i.embedder.EclipseLogger - skip non existing resourceDirectory /Users/njvijay/big_data/storm_program/learning/storm-example/src/main/resources
2015-06-16 16:24:56,653 [Worker-62] INFO  o.e.m.c.i.embedder.EclipseLogger - Using 'UTF-8' encoding to copy filtered resources.
2015-06-16 16:24:56,653 [Worker-62] INFO  o.e.m.c.i.embedder.EclipseLogger - skip non existing resourceDirectory /Users/njvijay/big_data/storm_program/learning/storm-example/src/test/resources
2015-06-16 16:27:39,875 [Worker-64] INFO  o.e.m.c.i.embedder.EclipseLogger - Using 'UTF-8' encoding to copy filtered resources.
2015-06-16 16:27:39,895 [Worker-64] INFO  o.e.m.c.i.embedder.EclipseLogger - skip non existing resourceDirectory /Users/njvijay/big_data/storm_program/learning/storm-example/src/main/resources
2015-06-16 16:27:39,896 [Worker-64] INFO  o.e.m.c.i.embedder.EclipseLogger - Using 'UTF-8' encoding to copy filtered resources.
2015-06-16 16:27:39,896 [Worker-64] INFO  o.e.m.c.i.embedder.EclipseLogger - skip non existing resourceDirectory /Users/njvijay/big_data/storm_program/learning/storm-example/src/test/resources
2015-06-16 16:28:19,955 [Worker-65] INFO  o.e.m.c.i.embedder.EclipseLogger - Using 'UTF-8' encoding to copy filtered resources.
2015-06-16 16:28:19,955 [Worker-65] INFO  o.e.m.c.i.embedder.EclipseLogger - skip non existing resourceDirectory /Users/njvijay/big_data/storm_program/learning/storm-example/src/main/resources
2015-06-16 16:28:19,956 [Worker-65] INFO  o.e.m.c.i.embedder.EclipseLogger - Using 'UTF-8' encoding to copy filtered resources.
2015-06-16 16:28:19,956 [Worker-65] INFO  o.e.m.c.i.embedder.EclipseLogger - skip non existing resourceDirectory /Users/njvijay/big_data/storm_program/learning/storm-example/src/test/resources
2015-06-16 16:33:49,847 [Worker-64] INFO  o.e.m.c.i.embedder.EclipseLogger - Using 'UTF-8' encoding to copy filtered resources.
2015-06-16 16:33:49,861 [Worker-64] INFO  o.e.m.c.i.embedder.EclipseLogger - skip non existing resourceDirectory /Users/njvijay/big_data/storm_program/learning/storm-example/src/main/resources
2015-06-16 16:33:49,863 [Worker-64] INFO  o.e.m.c.i.embedder.EclipseLogger - Using 'UTF-8' encoding to copy filtered resources.
2015-06-16 16:33:49,864 [Worker-64] INFO  o.e.m.c.i.embedder.EclipseLogger - skip non existing resourceDirectory /Users/njvijay/big_data/storm_program/learning/storm-example/src/test/resources
2015-06-16 16:40:55,196 [Worker-68] INFO  o.e.m.c.i.embedder.EclipseLogger - Using 'UTF-8' encoding to copy filtered resources.
2015-06-16 16:40:55,209 [Worker-68] INFO  o.e.m.c.i.embedder.EclipseLogger - skip non existing resourceDirectory /Users/njvijay/big_data/storm_program/learning/storm-example/src/main/resources
2015-06-16 16:40:55,210 [Worker-68] INFO  o.e.m.c.i.embedder.EclipseLogger - Using 'UTF-8' encoding to copy filtered resources.
2015-06-16 16:40:55,210 [Worker-68] INFO  o.e.m.c.i.embedder.EclipseLogger - skip non existing resourceDirectory /Users/njvijay/big_data/storm_program/learning/storm-example/src/test/resources
2015-06-16 16:43:15,728 [Worker-68] INFO  o.e.m.c.i.embedder.EclipseLogger - Using 'UTF-8' encoding to copy filtered resources.
2015-06-16 16:43:15,751 [Worker-68] INFO  o.e.m.c.i.embedder.EclipseLogger - skip non existing resourceDirectory /Users/njvijay/big_data/storm_program/learning/storm-example/src/main/resources
2015-06-16 16:43:15,753 [Worker-68] INFO  o.e.m.c.i.embedder.EclipseLogger - Using 'UTF-8' encoding to copy filtered resources.
2015-06-16 16:43:15,753 [Worker-68] INFO  o.e.m.c.i.embedder.EclipseLogger - skip non existing resourceDirectory /Users/njvijay/big_data/storm_program/learning/storm-example/src/test/resources
2015-06-16 16:49:31,980 [Worker-71] INFO  o.e.m.c.i.embedder.EclipseLogger - Using 'UTF-8' encoding to copy filtered resources.
2015-06-16 16:49:32,008 [Worker-71] INFO  o.e.m.c.i.embedder.EclipseLogger - skip non existing resourceDirectory /Users/njvijay/big_data/storm_program/learning/storm-example/src/main/resources
2015-06-16 16:49:32,010 [Worker-71] INFO  o.e.m.c.i.embedder.EclipseLogger - Using 'UTF-8' encoding to copy filtered resources.
2015-06-16 16:49:32,010 [Worker-71] INFO  o.e.m.c.i.embedder.EclipseLogger - skip non existing resourceDirectory /Users/njvijay/big_data/storm_program/learning/storm-example/src/test/resources
2015-06-16 16:50:01,771 [Worker-75] INFO  o.e.m.c.i.embedder.EclipseLogger - Using 'UTF-8' encoding to copy filtered resources.
2015-06-16 16:50:01,771 [Worker-75] INFO  o.e.m.c.i.embedder.EclipseLogger - skip non existing resourceDirectory /Users/njvijay/big_data/storm_program/learning/storm-example/src/main/resources
2015-06-16 16:50:01,774 [Worker-75] INFO  o.e.m.c.i.embedder.EclipseLogger - Using 'UTF-8' encoding to copy filtered resources.
2015-06-16 16:50:01,774 [Worker-75] INFO  o.e.m.c.i.embedder.EclipseLogger - skip non existing resourceDirectory /Users/njvijay/big_data/storm_program/learning/storm-example/src/test/resources
2015-06-16 16:50:02,784 [Worker-71] INFO  o.e.m.c.i.embedder.EclipseLogger - Using 'UTF-8' encoding to copy filtered resources.
2015-06-16 16:50:02,784 [Worker-71] INFO  o.e.m.c.i.embedder.EclipseLogger - skip non existing resourceDirectory /Users/njvijay/big_data/storm_program/learning/storm-example/src/main/resources
2015-06-16 16:50:02,784 [Worker-71] INFO  o.e.m.c.i.embedder.EclipseLogger - Using 'UTF-8' encoding to copy filtered resources.
2015-06-16 16:50:02,784 [Worker-71] INFO  o.e.m.c.i.embedder.EclipseLogger - skip non existing resourceDirectory /Users/njvijay/big_data/storm_program/learning/storm-example/src/test/resources
2015-06-16 16:52:12,108 [Worker-73] INFO  o.e.m.c.i.embedder.EclipseLogger - Using 'UTF-8' encoding to copy filtered resources.
2015-06-16 16:52:12,129 [Worker-73] INFO  o.e.m.c.i.embedder.EclipseLogger - skip non existing resourceDirectory /Users/njvijay/big_data/storm_program/learning/storm-example/src/main/resources
2015-06-16 16:52:12,131 [Worker-73] INFO  o.e.m.c.i.embedder.EclipseLogger - Using 'UTF-8' encoding to copy filtered resources.
2015-06-16 16:52:12,131 [Worker-73] INFO  o.e.m.c.i.embedder.EclipseLogger - skip non existing resourceDirectory /Users/njvijay/big_data/storm_program/learning/storm-example/src/test/resources
2015-06-16 17:00:36,982 [Worker-72] INFO  o.e.m.c.i.embedder.EclipseLogger - Using 'UTF-8' encoding to copy filtered resources.
2015-06-16 17:00:36,992 [Worker-72] INFO  o.e.m.c.i.embedder.EclipseLogger - skip non existing resourceDirectory /Users/njvijay/big_data/storm_program/learning/storm-example/src/main/resources
2015-06-16 17:00:36,993 [Worker-72] INFO  o.e.m.c.i.embedder.EclipseLogger - Using 'UTF-8' encoding to copy filtered resources.
2015-06-16 17:00:36,993 [Worker-72] INFO  o.e.m.c.i.embedder.EclipseLogger - skip non existing resourceDirectory /Users/njvijay/big_data/storm_program/learning/storm-example/src/test/resources
2015-06-16 17:00:43,019 [Worker-72] INFO  o.e.m.c.i.embedder.EclipseLogger - Using 'UTF-8' encoding to copy filtered resources.
2015-06-16 17:00:43,019 [Worker-72] INFO  o.e.m.c.i.embedder.EclipseLogger - skip non existing resourceDirectory /Users/njvijay/big_data/storm_program/learning/storm-example/src/main/resources
2015-06-16 17:00:43,020 [Worker-72] INFO  o.e.m.c.i.embedder.EclipseLogger - Using 'UTF-8' encoding to copy filtered resources.
2015-06-16 17:00:43,020 [Worker-72] INFO  o.e.m.c.i.embedder.EclipseLogger - skip non existing resourceDirectory /Users/njvijay/big_data/storm_program/learning/storm-example/src/test/resources
